- - - Auslesen der IniValues-Datei abgeschlossen - - -

- - - Schedule einlesen (C:\FU\Abschlussarbeiten\MA_CB----RL_Umlaufplanung\MDVS_2014G\VSP\VSPOPT\bin\Debug\Bustestset\huismann\huis_100_4_1_A08.txt) - - -
	Instanz=huis_100_4_1_A08.txt
	3 von 9 Haltestellen herausgefiltert
	Anzahl Haltestellen: 6
	Anzahl moeglicher Depots: 1
	0 von 5 Linien herausgefiltert
	Anzahl Linien: 5
	0 von 1 Fahrzeugtypen herausgefiltert
	Anzahl Fahrzeugtypen: 1
	Anzahl Fahrzeugtypgruppen: 1
	Anzahl Servicefahrten: 100

Dichte der Original-Verbindungsmatrix: 1
Dichte der Verbindungsmatrix nach Vervollstaendigung: 1
Vervollstaendigung der Matrix nicht moeglich in 0 Faellen


Verteilung von Fahrten auf Fahrzeugtypgruppen:
      Gruppe   #Fahrten
	1	100

	Durchschnittliche Gruppengroeße: 1
- - - ENDE: Schedule einlesen - - -

Dichte der Verbindungsmatrix: 100 %

Substitution von Fahrzeugtypen - Level 1:
======Starte Optimierung Fahrplan 1 von 1...======
- - - Start: Exakte Optimierung durch TSN und MIP-Solver - - -

- - - TSN aufbauen - - -
	[0,1]: 100 Fahrt-Kanten und 0 Zeitfenster-Kanten eingefuegt
Timelines Created
	[0,1]: Reduced Matches[3052:349:184:184]
Aggregation Completed
Wasted WindowArcs Deleted
	[0,1]: 200 Depot-Kanten eingefuegt
DepotArcs Inserted
	[0,1]: Netzwerk aufgebaut (237 Warte-, 1 Rueck-Kanten, 243 Knoten)
Network Build

Netzwerkdaten:
	Fahrt-Kanten:		100
	Zeitfenster-Kanten:	0
	Verbindungs-Kanten:	184	<-- 184 <-- 349 <-- 3052
	Linien-Kanten:		0
	Depot-Kanten:		200
	Warte-Kanten:		237
	Rueck-Kanten:		1
			      ----------
				722

	Knoten:			243

- - - ENDE: TSN aufbauen - - -


Durchschnittliche Gruppengroeße (TSN): 1
Generiere mathematisches Modell ... fertig: 344 x 722 x 1545

- - - START: Standardoptimierer - - -


- - - ENDE: Standardoptimierer - - -

Kosten: 2498214,21875
- - - ENDE: Exakte Optimierung durch TSN und MIP-Solver - - -

Anzahl Fahrzeuge in huis_100_4_1_A08_e_F.txt: 12
Anzahl Fahrzeuge in huis_100_4_1_A08_e_L.txt: 12
Anzahl Fahrzeuge in huis_100_4_1_A08_e_M.txt: 12
Anzahl Fahrzeuge in huis_100_4_1_A08_e_M_LH.txt: 12
Anzahl Fahrzeuge in huis_100_4_1_A08_e_X.txt: 12
Anzahl Fahrzeuge in huis_100_4_1_A08_e_X_LH.txt: 12
Anzahl Fahrzeuge in huis_100_4_1_A08_e_B.txt: 12
Anzahl Fahrzeuge in huis_100_4_1_A08_e_B_LH.txt: 12


Loesung: huis_100_4_1_A08_e_F.txt

 - - - - - - - - - - - - - - - - - - - - - - - - - - - - 

GESAMTKOSTEN (bereinigt): 	2498214,21875

	Fahrzeugkosten: 	2400000
	Operative Kosten: 	98214,21875
		-- Servicefahrten: 2950
		-- Depotfahrten: 	93061,71875
		-- Umsetzfahrten: 	0
		-- Wartekosten: 	2202,5

	Virtuelle Kosten: 	0
		-- Linien-Kanten: 	0
		-- Zeitfenster: 	0

 - - - - - - - - - - - - - - - - - - - - - - - - - - - - 


huis_100_4_1_A08_e_F.txt:

- - - - - - - - - - - -


Anzahl der Linien in Umlaeufen:
1;3
2;4
3;4
4;1
Anzahl der Linienwechsel in Umlaeufen:
1;3
2;2
3;4
Anzahl der Linien in Bloecken:
1;3
2;4
3;4
4;1
Anzahl der Linienwechsel in Bloecken:
1;3
2;2
3;4


Loesung: huis_100_4_1_A08_e_L.txt

 - - - - - - - - - - - - - - - - - - - - - - - - - - - - 

GESAMTKOSTEN (bereinigt): 	2498214,21875

	Fahrzeugkosten: 	2400000
	Operative Kosten: 	98214,21875
		-- Servicefahrten: 2950
		-- Depotfahrten: 	93061,71875
		-- Umsetzfahrten: 	0
		-- Wartekosten: 	2202,5

	Virtuelle Kosten: 	0
		-- Linien-Kanten: 	0
		-- Zeitfenster: 	0

 - - - - - - - - - - - - - - - - - - - - - - - - - - - - 


huis_100_4_1_A08_e_L.txt:

- - - - - - - - - - - -


Anzahl der Linien in Umlaeufen:
1;3
2;7
3;2
Anzahl der Linienwechsel in Umlaeufen:
1;5
2;4
Anzahl der Linien in Bloecken:
1;3
2;7
3;2
Anzahl der Linienwechsel in Bloecken:
1;5
2;4


Loesung: huis_100_4_1_A08_e_M.txt

 - - - - - - - - - - - - - - - - - - - - - - - - - - - - 

GESAMTKOSTEN (bereinigt): 	2498214,21875

	Fahrzeugkosten: 	2400000
	Operative Kosten: 	98214,21875
		-- Servicefahrten: 2950
		-- Depotfahrten: 	93061,71875
		-- Umsetzfahrten: 	0
		-- Wartekosten: 	2202,5

	Virtuelle Kosten: 	0
		-- Linien-Kanten: 	0
		-- Zeitfenster: 	0

 - - - - - - - - - - - - - - - - - - - - - - - - - - - - 


huis_100_4_1_A08_e_M.txt:

- - - - - - - - - - - -


Anzahl der Linien in Umlaeufen:
1;3
2;7
3;2
Anzahl der Linienwechsel in Umlaeufen:
1;5
2;4
Anzahl der Linien in Bloecken:
1;3
2;7
3;2
Anzahl der Linienwechsel in Bloecken:
1;5
2;4


Loesung: huis_100_4_1_A08_e_M_LH.txt

 - - - - - - - - - - - - - - - - - - - - - - - - - - - - 

GESAMTKOSTEN (bereinigt): 	2498214,21875

	Fahrzeugkosten: 	2400000
	Operative Kosten: 	98214,21875
		-- Servicefahrten: 2950
		-- Depotfahrten: 	93061,71875
		-- Umsetzfahrten: 	0
		-- Wartekosten: 	2202,5

	Virtuelle Kosten: 	0
		-- Linien-Kanten: 	0
		-- Zeitfenster: 	0

 - - - - - - - - - - - - - - - - - - - - - - - - - - - - 


huis_100_4_1_A08_e_M_LH.txt:

- - - - - - - - - - - -


Anzahl der Linien in Umlaeufen:
1;3
2;7
3;2
Anzahl der Linienwechsel in Umlaeufen:
1;5
2;4
Anzahl der Linien in Bloecken:
1;3
2;7
3;2
Anzahl der Linienwechsel in Bloecken:
1;5
2;4


Loesung: huis_100_4_1_A08_e_X.txt

 - - - - - - - - - - - - - - - - - - - - - - - - - - - - 

GESAMTKOSTEN (bereinigt): 	2498214,21875

	Fahrzeugkosten: 	2400000
	Operative Kosten: 	98214,21875
		-- Servicefahrten: 2950
		-- Depotfahrten: 	93061,71875
		-- Umsetzfahrten: 	0
		-- Wartekosten: 	2202,5

	Virtuelle Kosten: 	0
		-- Linien-Kanten: 	0
		-- Zeitfenster: 	0

 - - - - - - - - - - - - - - - - - - - - - - - - - - - - 


huis_100_4_1_A08_e_X.txt:

- - - - - - - - - - - -


Anzahl der Linien in Umlaeufen:
1;6
2;5
3;1
Anzahl der Linienwechsel in Umlaeufen:
1;4
2;2
Anzahl der Linien in Bloecken:
1;6
2;5
3;1
Anzahl der Linienwechsel in Bloecken:
1;4
2;2


Loesung: huis_100_4_1_A08_e_X_LH.txt

 - - - - - - - - - - - - - - - - - - - - - - - - - - - - 

GESAMTKOSTEN (bereinigt): 	2498214,21875

	Fahrzeugkosten: 	2400000
	Operative Kosten: 	98214,21875
		-- Servicefahrten: 2950
		-- Depotfahrten: 	93061,71875
		-- Umsetzfahrten: 	0
		-- Wartekosten: 	2202,5

	Virtuelle Kosten: 	0
		-- Linien-Kanten: 	0
		-- Zeitfenster: 	0

 - - - - - - - - - - - - - - - - - - - - - - - - - - - - 


huis_100_4_1_A08_e_X_LH.txt:

- - - - - - - - - - - -


Anzahl der Linien in Umlaeufen:
1;0
2;0
3;1
4;6
5;5
Anzahl der Linienwechsel in Umlaeufen:
1;0
2;0
3;2
4;1
5;4
6;3
7;2
Anzahl der Linien in Bloecken:
1;0
2;0
3;1
4;6
5;5
Anzahl der Linienwechsel in Bloecken:
1;0
2;0
3;2
4;1
5;4
6;3
7;2


Loesung: huis_100_4_1_A08_e_B.txt

 - - - - - - - - - - - - - - - - - - - - - - - - - - - - 

GESAMTKOSTEN (bereinigt): 	2498214,21875

	Fahrzeugkosten: 	2400000
	Operative Kosten: 	98214,21875
		-- Servicefahrten: 2950
		-- Depotfahrten: 	93061,71875
		-- Umsetzfahrten: 	0
		-- Wartekosten: 	2202,5

	Virtuelle Kosten: 	0
		-- Linien-Kanten: 	0
		-- Zeitfenster: 	0

 - - - - - - - - - - - - - - - - - - - - - - - - - - - - 


huis_100_4_1_A08_e_B.txt:

- - - - - - - - - - - -


Anzahl der Linien in Umlaeufen:
1;6
2;5
3;1
Anzahl der Linienwechsel in Umlaeufen:
1;4
2;2
Anzahl der Linien in Bloecken:
1;6
2;5
3;1
Anzahl der Linienwechsel in Bloecken:
1;4
2;2


Loesung: huis_100_4_1_A08_e_B_LH.txt

 - - - - - - - - - - - - - - - - - - - - - - - - - - - - 

GESAMTKOSTEN (bereinigt): 	2498214,21875

	Fahrzeugkosten: 	2400000
	Operative Kosten: 	98214,21875
		-- Servicefahrten: 2950
		-- Depotfahrten: 	93061,71875
		-- Umsetzfahrten: 	0
		-- Wartekosten: 	2202,5

	Virtuelle Kosten: 	0
		-- Linien-Kanten: 	0
		-- Zeitfenster: 	0

 - - - - - - - - - - - - - - - - - - - - - - - - - - - - 


huis_100_4_1_A08_e_B_LH.txt:

- - - - - - - - - - - -


Anzahl der Linien in Umlaeufen:
1;0
2;0
3;0
4;3
5;9
Anzahl der Linienwechsel in Umlaeufen:
1;0
2;0
3;0
4;2
5;6
6;3
7;1
Anzahl der Linien in Bloecken:
1;0
2;0
3;0
4;3
5;9
Anzahl der Linienwechsel in Bloecken:
1;0
2;0
3;0
4;2
5;6
6;3
7;1

Laufzeit fuer Optimierung: 0,3761993
Gesamtlaufzeit: 00:00:00.5964905
