- - - Auslesen der IniValues-Datei abgeschlossen - - -

- - - Schedule einlesen (C:\FU\Abschlussarbeiten\MA_CB----RL_Umlaufplanung\MDVS_2014G\VSP\VSPOPT\bin\Debug\Bustestset\huismann\huis_100_2_1_A04.txt) - - -
	Instanz=huis_100_2_1_A04.txt
	1 von 7 Haltestellen herausgefiltert
	Anzahl Haltestellen: 6
	Anzahl moeglicher Depots: 1
	0 von 5 Linien herausgefiltert
	Anzahl Linien: 5
	0 von 1 Fahrzeugtypen herausgefiltert
	Anzahl Fahrzeugtypen: 1
	Anzahl Fahrzeugtypgruppen: 1
	Anzahl Servicefahrten: 100

Dichte der Original-Verbindungsmatrix: 1
Dichte der Verbindungsmatrix nach Vervollstaendigung: 1
Vervollstaendigung der Matrix nicht moeglich in 0 Faellen


Verteilung von Fahrten auf Fahrzeugtypgruppen:
      Gruppe   #Fahrten
	1	100

	Durchschnittliche Gruppengroeße: 1
- - - ENDE: Schedule einlesen - - -

Dichte der Verbindungsmatrix: 100 %

Substitution von Fahrzeugtypen - Level 1:
======Starte Optimierung Fahrplan 1 von 1...======
- - - Start: Exakte Optimierung durch TSN und MIP-Solver - - -

- - - TSN aufbauen - - -
	[0,1]: 100 Fahrt-Kanten und 0 Zeitfenster-Kanten eingefuegt
Timelines Created
	[0,1]: Reduced Matches[3172:346:208:208]
Aggregation Completed
Wasted WindowArcs Deleted
	[0,1]: 189 Depot-Kanten eingefuegt
DepotArcs Inserted
	[0,1]: Netzwerk aufgebaut (234 Warte-, 1 Rueck-Kanten, 240 Knoten)
Network Build

Netzwerkdaten:
	Fahrt-Kanten:		100
	Zeitfenster-Kanten:	0
	Verbindungs-Kanten:	208	<-- 208 <-- 346 <-- 3172
	Linien-Kanten:		0
	Depot-Kanten:		189
	Warte-Kanten:		234
	Rueck-Kanten:		1
			      ----------
				732

	Knoten:			240

- - - ENDE: TSN aufbauen - - -


Durchschnittliche Gruppengroeße (TSN): 1
Generiere mathematisches Modell ... fertig: 341 x 732 x 1565

- - - START: Standardoptimierer - - -


- - - ENDE: Standardoptimierer - - -

Kosten: 2308619,73925781
- - - ENDE: Exakte Optimierung durch TSN und MIP-Solver - - -

Anzahl Fahrzeuge in huis_100_2_1_A04_e_F.txt: 11
Anzahl Fahrzeuge in huis_100_2_1_A04_e_L.txt: 11
Anzahl Fahrzeuge in huis_100_2_1_A04_e_M.txt: 11
Anzahl Fahrzeuge in huis_100_2_1_A04_e_M_LH.txt: 11
Anzahl Fahrzeuge in huis_100_2_1_A04_e_X.txt: 11
Anzahl Fahrzeuge in huis_100_2_1_A04_e_X_LH.txt: 11
Anzahl Fahrzeuge in huis_100_2_1_A04_e_B.txt: 11
Anzahl Fahrzeuge in huis_100_2_1_A04_e_B_LH.txt: 11


Loesung: huis_100_2_1_A04_e_F.txt

 - - - - - - - - - - - - - - - - - - - - - - - - - - - - 

GESAMTKOSTEN (bereinigt): 	2308619,73925781

	Fahrzeugkosten: 	2200000
	Operative Kosten: 	108619,739257813
		-- Servicefahrten: 2289
		-- Depotfahrten: 	82409,2392578125
		-- Umsetzfahrten: 	21760
		-- Wartekosten: 	2161,5

	Virtuelle Kosten: 	0
		-- Linien-Kanten: 	0
		-- Zeitfenster: 	0

 - - - - - - - - - - - - - - - - - - - - - - - - - - - - 


huis_100_2_1_A04_e_F.txt:

- - - - - - - - - - - -


Anzahl der Linien in Umlaeufen:
1;0
2;2
3;3
4;2
5;4
Anzahl der Linienwechsel in Umlaeufen:
1;0
2;1
3;1
4;1
5;5
6;1
7;0
8;0
9;1
10;1
Anzahl der Linien in Bloecken:
1;0
2;2
3;3
4;2
5;4
Anzahl der Linienwechsel in Bloecken:
1;0
2;1
3;1
4;1
5;5
6;1
7;0
8;0
9;1
10;1


Loesung: huis_100_2_1_A04_e_L.txt

 - - - - - - - - - - - - - - - - - - - - - - - - - - - - 

GESAMTKOSTEN (bereinigt): 	2308619,73925781

	Fahrzeugkosten: 	2200000
	Operative Kosten: 	108619,739257813
		-- Servicefahrten: 2289
		-- Depotfahrten: 	82409,2392578125
		-- Umsetzfahrten: 	21760
		-- Wartekosten: 	2161,5

	Virtuelle Kosten: 	0
		-- Linien-Kanten: 	0
		-- Zeitfenster: 	0

 - - - - - - - - - - - - - - - - - - - - - - - - - - - - 


huis_100_2_1_A04_e_L.txt:

- - - - - - - - - - - -


Anzahl der Linien in Umlaeufen:
1;0
2;0
3;2
4;4
5;5
Anzahl der Linienwechsel in Umlaeufen:
1;0
2;0
3;1
4;1
5;5
6;2
7;0
8;1
9;0
10;1
Anzahl der Linien in Bloecken:
1;0
2;0
3;2
4;4
5;5
Anzahl der Linienwechsel in Bloecken:
1;0
2;0
3;1
4;1
5;5
6;2
7;0
8;1
9;0
10;1


Loesung: huis_100_2_1_A04_e_M.txt

 - - - - - - - - - - - - - - - - - - - - - - - - - - - - 

GESAMTKOSTEN (bereinigt): 	2308619,73925781

	Fahrzeugkosten: 	2200000
	Operative Kosten: 	108619,739257813
		-- Servicefahrten: 2289
		-- Depotfahrten: 	82409,2392578125
		-- Umsetzfahrten: 	21760
		-- Wartekosten: 	2161,5

	Virtuelle Kosten: 	0
		-- Linien-Kanten: 	0
		-- Zeitfenster: 	0

 - - - - - - - - - - - - - - - - - - - - - - - - - - - - 


huis_100_2_1_A04_e_M.txt:

- - - - - - - - - - - -


Anzahl der Linien in Umlaeufen:
1;0
2;0
3;2
4;4
5;5
Anzahl der Linienwechsel in Umlaeufen:
1;0
2;0
3;1
4;1
5;5
6;2
7;0
8;1
9;0
10;1
Anzahl der Linien in Bloecken:
1;0
2;0
3;2
4;4
5;5
Anzahl der Linienwechsel in Bloecken:
1;0
2;0
3;1
4;1
5;5
6;2
7;0
8;1
9;0
10;1


Loesung: huis_100_2_1_A04_e_M_LH.txt

 - - - - - - - - - - - - - - - - - - - - - - - - - - - - 

GESAMTKOSTEN (bereinigt): 	2308619,73925781

	Fahrzeugkosten: 	2200000
	Operative Kosten: 	108619,739257813
		-- Servicefahrten: 2289
		-- Depotfahrten: 	82409,2392578125
		-- Umsetzfahrten: 	21760
		-- Wartekosten: 	2161,5

	Virtuelle Kosten: 	0
		-- Linien-Kanten: 	0
		-- Zeitfenster: 	0

 - - - - - - - - - - - - - - - - - - - - - - - - - - - - 


huis_100_2_1_A04_e_M_LH.txt:

- - - - - - - - - - - -


Anzahl der Linien in Umlaeufen:
1;0
2;0
3;2
4;4
5;5
Anzahl der Linienwechsel in Umlaeufen:
1;0
2;0
3;1
4;1
5;5
6;2
7;0
8;1
9;0
10;1
Anzahl der Linien in Bloecken:
1;0
2;0
3;2
4;4
5;5
Anzahl der Linienwechsel in Bloecken:
1;0
2;0
3;1
4;1
5;5
6;2
7;0
8;1
9;0
10;1


Loesung: huis_100_2_1_A04_e_X.txt

 - - - - - - - - - - - - - - - - - - - - - - - - - - - - 

GESAMTKOSTEN (bereinigt): 	2308619,73925781

	Fahrzeugkosten: 	2200000
	Operative Kosten: 	108619,739257813
		-- Servicefahrten: 2289
		-- Depotfahrten: 	82409,2392578125
		-- Umsetzfahrten: 	21760
		-- Wartekosten: 	2161,5

	Virtuelle Kosten: 	0
		-- Linien-Kanten: 	0
		-- Zeitfenster: 	0

 - - - - - - - - - - - - - - - - - - - - - - - - - - - - 


huis_100_2_1_A04_e_X.txt:

- - - - - - - - - - - -


Anzahl der Linien in Umlaeufen:
1;2
2;8
3;1
Anzahl der Linienwechsel in Umlaeufen:
1;4
2;1
3;1
4;0
5;0
6;0
7;0
8;1
9;1
10;0
11;0
12;1
Anzahl der Linien in Bloecken:
1;2
2;8
3;1
Anzahl der Linienwechsel in Bloecken:
1;4
2;1
3;1
4;0
5;0
6;0
7;0
8;1
9;1
10;0
11;0
12;1


Loesung: huis_100_2_1_A04_e_X_LH.txt

 - - - - - - - - - - - - - - - - - - - - - - - - - - - - 

GESAMTKOSTEN (bereinigt): 	2308619,73925781

	Fahrzeugkosten: 	2200000
	Operative Kosten: 	108619,739257813
		-- Servicefahrten: 2289
		-- Depotfahrten: 	82409,2392578125
		-- Umsetzfahrten: 	21760
		-- Wartekosten: 	2161,5

	Virtuelle Kosten: 	0
		-- Linien-Kanten: 	0
		-- Zeitfenster: 	0

 - - - - - - - - - - - - - - - - - - - - - - - - - - - - 


huis_100_2_1_A04_e_X_LH.txt:

- - - - - - - - - - - -


Anzahl der Linien in Umlaeufen:
1;0
2;0
3;0
4;2
5;9
Anzahl der Linienwechsel in Umlaeufen:
1;0
2;0
3;0
4;0
5;3
6;2
7;4
8;1
9;0
10;1
Anzahl der Linien in Bloecken:
1;0
2;0
3;0
4;2
5;9
Anzahl der Linienwechsel in Bloecken:
1;0
2;0
3;0
4;0
5;3
6;2
7;4
8;1
9;0
10;1


Loesung: huis_100_2_1_A04_e_B.txt

 - - - - - - - - - - - - - - - - - - - - - - - - - - - - 

GESAMTKOSTEN (bereinigt): 	2308619,73925781

	Fahrzeugkosten: 	2200000
	Operative Kosten: 	108619,739257813
		-- Servicefahrten: 2289
		-- Depotfahrten: 	82409,2392578125
		-- Umsetzfahrten: 	21760
		-- Wartekosten: 	2161,5

	Virtuelle Kosten: 	0
		-- Linien-Kanten: 	0
		-- Zeitfenster: 	0

 - - - - - - - - - - - - - - - - - - - - - - - - - - - - 


huis_100_2_1_A04_e_B.txt:

- - - - - - - - - - - -


Anzahl der Linien in Umlaeufen:
1;2
2;8
3;1
Anzahl der Linienwechsel in Umlaeufen:
1;4
2;1
3;1
4;0
5;0
6;0
7;0
8;1
9;1
10;0
11;0
12;1
Anzahl der Linien in Bloecken:
1;2
2;8
3;1
Anzahl der Linienwechsel in Bloecken:
1;4
2;1
3;1
4;0
5;0
6;0
7;0
8;1
9;1
10;0
11;0
12;1


Loesung: huis_100_2_1_A04_e_B_LH.txt

 - - - - - - - - - - - - - - - - - - - - - - - - - - - - 

GESAMTKOSTEN (bereinigt): 	2308619,73925781

	Fahrzeugkosten: 	2200000
	Operative Kosten: 	108619,739257813
		-- Servicefahrten: 2289
		-- Depotfahrten: 	82409,2392578125
		-- Umsetzfahrten: 	21760
		-- Wartekosten: 	2161,5

	Virtuelle Kosten: 	0
		-- Linien-Kanten: 	0
		-- Zeitfenster: 	0

 - - - - - - - - - - - - - - - - - - - - - - - - - - - - 


huis_100_2_1_A04_e_B_LH.txt:

- - - - - - - - - - - -


Anzahl der Linien in Umlaeufen:
1;0
2;0
3;0
4;3
5;8
Anzahl der Linienwechsel in Umlaeufen:
1;0
2;0
3;0
4;2
5;3
6;2
7;2
8;2
Anzahl der Linien in Bloecken:
1;0
2;0
3;0
4;3
5;8
Anzahl der Linienwechsel in Bloecken:
1;0
2;0
3;0
4;2
5;3
6;2
7;2
8;2

Laufzeit fuer Optimierung: 0,3137361
Gesamtlaufzeit: 00:00:00.6859828
