- - - Auslesen der IniValues-Datei abgeschlossen - - -

- - - Schedule einlesen (C:\FU\Abschlussarbeiten\MA_CB----RL_Umlaufplanung\MDVS_2014G\VSP\VSPOPT\bin\Debug\Bustestset\huismann\huis_100_2_1_B04.txt) - - -
	Instanz=huis_100_2_1_B04.txt
	1 von 7 Haltestellen herausgefiltert
	Anzahl Haltestellen: 6
	Anzahl moeglicher Depots: 1
	0 von 5 Linien herausgefiltert
	Anzahl Linien: 5
	0 von 1 Fahrzeugtypen herausgefiltert
	Anzahl Fahrzeugtypen: 1
	Anzahl Fahrzeugtypgruppen: 1
	Anzahl Servicefahrten: 100

Dichte der Original-Verbindungsmatrix: 1
Dichte der Verbindungsmatrix nach Vervollstaendigung: 1
Vervollstaendigung der Matrix nicht moeglich in 0 Faellen


Verteilung von Fahrten auf Fahrzeugtypgruppen:
      Gruppe   #Fahrten
	1	100

	Durchschnittliche Gruppengroeße: 1
- - - ENDE: Schedule einlesen - - -

Dichte der Verbindungsmatrix: 100 %

Substitution von Fahrzeugtypen - Level 1:
======Starte Optimierung Fahrplan 1 von 1...======
- - - Start: Exakte Optimierung durch TSN und MIP-Solver - - -

- - - TSN aufbauen - - -
	[0,1]: 100 Fahrt-Kanten und 0 Zeitfenster-Kanten eingefuegt
Timelines Created
	[0,1]: Reduced Matches[3043:342:203:203]
Aggregation Completed
Wasted WindowArcs Deleted
	[0,1]: 190 Depot-Kanten eingefuegt
DepotArcs Inserted
	[0,1]: Netzwerk aufgebaut (233 Warte-, 1 Rueck-Kanten, 239 Knoten)
Network Build

Netzwerkdaten:
	Fahrt-Kanten:		100
	Zeitfenster-Kanten:	0
	Verbindungs-Kanten:	203	<-- 203 <-- 342 <-- 3043
	Linien-Kanten:		0
	Depot-Kanten:		190
	Warte-Kanten:		233
	Rueck-Kanten:		1
			      ----------
				727

	Knoten:			239

- - - ENDE: TSN aufbauen - - -


Durchschnittliche Gruppengroeße (TSN): 1
Generiere mathematisches Modell ... fertig: 340 x 727 x 1555

- - - START: Standardoptimierer - - -


- - - ENDE: Standardoptimierer - - -

Kosten: 2706644,69921875
- - - ENDE: Exakte Optimierung durch TSN und MIP-Solver - - -

Anzahl Fahrzeuge in huis_100_2_1_B04_e_F.txt: 13
Anzahl Fahrzeuge in huis_100_2_1_B04_e_L.txt: 13
Anzahl Fahrzeuge in huis_100_2_1_B04_e_M.txt: 13
Anzahl Fahrzeuge in huis_100_2_1_B04_e_M_LH.txt: 13
Anzahl Fahrzeuge in huis_100_2_1_B04_e_X.txt: 13
Anzahl Fahrzeuge in huis_100_2_1_B04_e_X_LH.txt: 13
Anzahl Fahrzeuge in huis_100_2_1_B04_e_B.txt: 13
Anzahl Fahrzeuge in huis_100_2_1_B04_e_B_LH.txt: 13


Loesung: huis_100_2_1_B04_e_F.txt

 - - - - - - - - - - - - - - - - - - - - - - - - - - - - 

GESAMTKOSTEN (bereinigt): 	2706644,69921875

	Fahrzeugkosten: 	2600000
	Operative Kosten: 	106644,69921875
		-- Servicefahrten: 3048
		-- Depotfahrten: 	101504,19921875
		-- Umsetzfahrten: 	0
		-- Wartekosten: 	2092,5

	Virtuelle Kosten: 	0
		-- Linien-Kanten: 	0
		-- Zeitfenster: 	0

 - - - - - - - - - - - - - - - - - - - - - - - - - - - - 


huis_100_2_1_B04_e_F.txt:

- - - - - - - - - - - -


Anzahl der Linien in Umlaeufen:
1;0
2;4
3;3
4;6
Anzahl der Linienwechsel in Umlaeufen:
1;1
2;3
3;2
4;3
5;4
Anzahl der Linien in Bloecken:
1;0
2;4
3;3
4;6
Anzahl der Linienwechsel in Bloecken:
1;1
2;3
3;2
4;3
5;4


Loesung: huis_100_2_1_B04_e_L.txt

 - - - - - - - - - - - - - - - - - - - - - - - - - - - - 

GESAMTKOSTEN (bereinigt): 	2706644,69921875

	Fahrzeugkosten: 	2600000
	Operative Kosten: 	106644,69921875
		-- Servicefahrten: 3048
		-- Depotfahrten: 	101504,19921875
		-- Umsetzfahrten: 	0
		-- Wartekosten: 	2092,5

	Virtuelle Kosten: 	0
		-- Linien-Kanten: 	0
		-- Zeitfenster: 	0

 - - - - - - - - - - - - - - - - - - - - - - - - - - - - 


huis_100_2_1_B04_e_L.txt:

- - - - - - - - - - - -


Anzahl der Linien in Umlaeufen:
1;1
2;4
3;5
4;3
Anzahl der Linienwechsel in Umlaeufen:
1;1
2;3
3;2
4;4
5;2
Anzahl der Linien in Bloecken:
1;1
2;4
3;5
4;3
Anzahl der Linienwechsel in Bloecken:
1;1
2;3
3;2
4;4
5;2


Loesung: huis_100_2_1_B04_e_M.txt

 - - - - - - - - - - - - - - - - - - - - - - - - - - - - 

GESAMTKOSTEN (bereinigt): 	2706644,69921875

	Fahrzeugkosten: 	2600000
	Operative Kosten: 	106644,69921875
		-- Servicefahrten: 3048
		-- Depotfahrten: 	101504,19921875
		-- Umsetzfahrten: 	0
		-- Wartekosten: 	2092,5

	Virtuelle Kosten: 	0
		-- Linien-Kanten: 	0
		-- Zeitfenster: 	0

 - - - - - - - - - - - - - - - - - - - - - - - - - - - - 


huis_100_2_1_B04_e_M.txt:

- - - - - - - - - - - -


Anzahl der Linien in Umlaeufen:
1;1
2;4
3;5
4;3
Anzahl der Linienwechsel in Umlaeufen:
1;1
2;3
3;2
4;4
5;2
Anzahl der Linien in Bloecken:
1;1
2;4
3;5
4;3
Anzahl der Linienwechsel in Bloecken:
1;1
2;3
3;2
4;4
5;2


Loesung: huis_100_2_1_B04_e_M_LH.txt

 - - - - - - - - - - - - - - - - - - - - - - - - - - - - 

GESAMTKOSTEN (bereinigt): 	2706644,69921875

	Fahrzeugkosten: 	2600000
	Operative Kosten: 	106644,69921875
		-- Servicefahrten: 3048
		-- Depotfahrten: 	101504,19921875
		-- Umsetzfahrten: 	0
		-- Wartekosten: 	2092,5

	Virtuelle Kosten: 	0
		-- Linien-Kanten: 	0
		-- Zeitfenster: 	0

 - - - - - - - - - - - - - - - - - - - - - - - - - - - - 


huis_100_2_1_B04_e_M_LH.txt:

- - - - - - - - - - - -


Anzahl der Linien in Umlaeufen:
1;1
2;5
3;3
4;4
Anzahl der Linienwechsel in Umlaeufen:
1;1
2;2
3;3
4;5
5;1
Anzahl der Linien in Bloecken:
1;1
2;5
3;3
4;4
Anzahl der Linienwechsel in Bloecken:
1;1
2;2
3;3
4;5
5;1


Loesung: huis_100_2_1_B04_e_X.txt

 - - - - - - - - - - - - - - - - - - - - - - - - - - - - 

GESAMTKOSTEN (bereinigt): 	2706644,69921875

	Fahrzeugkosten: 	2600000
	Operative Kosten: 	106644,69921875
		-- Servicefahrten: 3048
		-- Depotfahrten: 	101504,19921875
		-- Umsetzfahrten: 	0
		-- Wartekosten: 	2092,5

	Virtuelle Kosten: 	0
		-- Linien-Kanten: 	0
		-- Zeitfenster: 	0

 - - - - - - - - - - - - - - - - - - - - - - - - - - - - 


huis_100_2_1_B04_e_X.txt:

- - - - - - - - - - - -


Anzahl der Linien in Umlaeufen:
1;5
2;8
Anzahl der Linienwechsel in Umlaeufen:
1;3
2;5
Anzahl der Linien in Bloecken:
1;5
2;8
Anzahl der Linienwechsel in Bloecken:
1;3
2;5


Loesung: huis_100_2_1_B04_e_X_LH.txt

 - - - - - - - - - - - - - - - - - - - - - - - - - - - - 

GESAMTKOSTEN (bereinigt): 	2706644,69921875

	Fahrzeugkosten: 	2600000
	Operative Kosten: 	106644,69921875
		-- Servicefahrten: 3048
		-- Depotfahrten: 	101504,19921875
		-- Umsetzfahrten: 	0
		-- Wartekosten: 	2092,5

	Virtuelle Kosten: 	0
		-- Linien-Kanten: 	0
		-- Zeitfenster: 	0

 - - - - - - - - - - - - - - - - - - - - - - - - - - - - 


huis_100_2_1_B04_e_X_LH.txt:

- - - - - - - - - - - -


Anzahl der Linien in Umlaeufen:
1;0
2;1
3;0
4;7
5;5
Anzahl der Linienwechsel in Umlaeufen:
1;1
2;0
3;0
4;1
5;4
6;5
7;2
Anzahl der Linien in Bloecken:
1;0
2;1
3;0
4;7
5;5
Anzahl der Linienwechsel in Bloecken:
1;1
2;0
3;0
4;1
5;4
6;5
7;2


Loesung: huis_100_2_1_B04_e_B.txt

 - - - - - - - - - - - - - - - - - - - - - - - - - - - - 

GESAMTKOSTEN (bereinigt): 	2706644,69921875

	Fahrzeugkosten: 	2600000
	Operative Kosten: 	106644,69921875
		-- Servicefahrten: 3048
		-- Depotfahrten: 	101504,19921875
		-- Umsetzfahrten: 	0
		-- Wartekosten: 	2092,5

	Virtuelle Kosten: 	0
		-- Linien-Kanten: 	0
		-- Zeitfenster: 	0

 - - - - - - - - - - - - - - - - - - - - - - - - - - - - 


huis_100_2_1_B04_e_B.txt:

- - - - - - - - - - - -


Anzahl der Linien in Umlaeufen:
1;5
2;8
Anzahl der Linienwechsel in Umlaeufen:
1;3
2;5
Anzahl der Linien in Bloecken:
1;5
2;8
Anzahl der Linienwechsel in Bloecken:
1;3
2;5


Loesung: huis_100_2_1_B04_e_B_LH.txt

 - - - - - - - - - - - - - - - - - - - - - - - - - - - - 

GESAMTKOSTEN (bereinigt): 	2706644,69921875

	Fahrzeugkosten: 	2600000
	Operative Kosten: 	106644,69921875
		-- Servicefahrten: 3048
		-- Depotfahrten: 	101504,19921875
		-- Umsetzfahrten: 	0
		-- Wartekosten: 	2092,5

	Virtuelle Kosten: 	0
		-- Linien-Kanten: 	0
		-- Zeitfenster: 	0

 - - - - - - - - - - - - - - - - - - - - - - - - - - - - 


huis_100_2_1_B04_e_B_LH.txt:

- - - - - - - - - - - -


Anzahl der Linien in Umlaeufen:
1;0
2;1
3;0
4;6
5;6
Anzahl der Linienwechsel in Umlaeufen:
1;1
2;0
3;0
4;5
5;3
6;3
7;1
Anzahl der Linien in Bloecken:
1;0
2;1
3;0
4;6
5;6
Anzahl der Linienwechsel in Bloecken:
1;1
2;0
3;0
4;5
5;3
6;3
7;1

Laufzeit fuer Optimierung: 0,3761926
Gesamtlaufzeit: 00:00:00.8197122
