- - - Auslesen der IniValues-Datei abgeschlossen - - -

- - - Schedule einlesen (C:\FU\Abschlussarbeiten\MA_CB----RL_Umlaufplanung\MDVS_2014G\VSP\VSPOPT\bin\Debug\Bustestset\huismann\huis_100_2_1_A06.txt) - - -
	Instanz=huis_100_2_1_A06.txt
	1 von 7 Haltestellen herausgefiltert
	Anzahl Haltestellen: 6
	Anzahl moeglicher Depots: 1
	0 von 5 Linien herausgefiltert
	Anzahl Linien: 5
	0 von 1 Fahrzeugtypen herausgefiltert
	Anzahl Fahrzeugtypen: 1
	Anzahl Fahrzeugtypgruppen: 1
	Anzahl Servicefahrten: 100

Dichte der Original-Verbindungsmatrix: 1
Dichte der Verbindungsmatrix nach Vervollstaendigung: 1
Vervollstaendigung der Matrix nicht moeglich in 0 Faellen


Verteilung von Fahrten auf Fahrzeugtypgruppen:
      Gruppe   #Fahrten
	1	100

	Durchschnittliche Gruppengroeße: 1
- - - ENDE: Schedule einlesen - - -

Dichte der Verbindungsmatrix: 100 %

Substitution von Fahrzeugtypen - Level 1:
======Starte Optimierung Fahrplan 1 von 1...======
- - - Start: Exakte Optimierung durch TSN und MIP-Solver - - -

- - - TSN aufbauen - - -
	[0,1]: 100 Fahrt-Kanten und 0 Zeitfenster-Kanten eingefuegt
Timelines Created
	[0,1]: Reduced Matches[3176:359:204:204]
Aggregation Completed
Wasted WindowArcs Deleted
	[0,1]: 200 Depot-Kanten eingefuegt
DepotArcs Inserted
	[0,1]: Netzwerk aufgebaut (238 Warte-, 1 Rueck-Kanten, 244 Knoten)
Network Build

Netzwerkdaten:
	Fahrt-Kanten:		100
	Zeitfenster-Kanten:	0
	Verbindungs-Kanten:	204	<-- 204 <-- 359 <-- 3176
	Linien-Kanten:		0
	Depot-Kanten:		200
	Warte-Kanten:		238
	Rueck-Kanten:		1
			      ----------
				743

	Knoten:			244

- - - ENDE: TSN aufbauen - - -


Durchschnittliche Gruppengroeße (TSN): 1
Generiere mathematisches Modell ... fertig: 345 x 743 x 1587

- - - START: Standardoptimierer - - -


- - - ENDE: Standardoptimierer - - -

Kosten: 2044115,53991699
- - - ENDE: Exakte Optimierung durch TSN und MIP-Solver - - -

Anzahl Fahrzeuge in huis_100_2_1_A06_e_F.txt: 10
Anzahl Fahrzeuge in huis_100_2_1_A06_e_L.txt: 10
Anzahl Fahrzeuge in huis_100_2_1_A06_e_M.txt: 10
Anzahl Fahrzeuge in huis_100_2_1_A06_e_M_LH.txt: 10
Anzahl Fahrzeuge in huis_100_2_1_A06_e_X.txt: 10
Anzahl Fahrzeuge in huis_100_2_1_A06_e_X_LH.txt: 10
Anzahl Fahrzeuge in huis_100_2_1_A06_e_B.txt: 10
Anzahl Fahrzeuge in huis_100_2_1_A06_e_B_LH.txt: 10


Loesung: huis_100_2_1_A06_e_F.txt

 - - - - - - - - - - - - - - - - - - - - - - - - - - - - 

GESAMTKOSTEN (bereinigt): 	2044115,53991699

	Fahrzeugkosten: 	2000000
	Operative Kosten: 	44115,5399169922
		-- Servicefahrten: 2349
		-- Depotfahrten: 	39797,0399169922
		-- Umsetzfahrten: 	0
		-- Wartekosten: 	1969,5

	Virtuelle Kosten: 	0
		-- Linien-Kanten: 	0
		-- Zeitfenster: 	0

 - - - - - - - - - - - - - - - - - - - - - - - - - - - - 


huis_100_2_1_A06_e_F.txt:

- - - - - - - - - - - -


Anzahl der Linien in Umlaeufen:
1;0
2;0
3;0
4;7
5;3
Anzahl der Linienwechsel in Umlaeufen:
1;0
2;0
3;0
4;1
5;2
6;2
7;4
8;0
9;1
Anzahl der Linien in Bloecken:
1;0
2;0
3;0
4;7
5;3
Anzahl der Linienwechsel in Bloecken:
1;0
2;0
3;0
4;1
5;2
6;2
7;4
8;0
9;1


Loesung: huis_100_2_1_A06_e_L.txt

 - - - - - - - - - - - - - - - - - - - - - - - - - - - - 

GESAMTKOSTEN (bereinigt): 	2044115,53991699

	Fahrzeugkosten: 	2000000
	Operative Kosten: 	44115,5399169922
		-- Servicefahrten: 2349
		-- Depotfahrten: 	39797,0399169922
		-- Umsetzfahrten: 	0
		-- Wartekosten: 	1969,5

	Virtuelle Kosten: 	0
		-- Linien-Kanten: 	0
		-- Zeitfenster: 	0

 - - - - - - - - - - - - - - - - - - - - - - - - - - - - 


huis_100_2_1_A06_e_L.txt:

- - - - - - - - - - - -


Anzahl der Linien in Umlaeufen:
1;0
2;0
3;0
4;7
5;3
Anzahl der Linienwechsel in Umlaeufen:
1;0
2;0
3;0
4;1
5;2
6;2
7;4
8;0
9;1
Anzahl der Linien in Bloecken:
1;0
2;0
3;0
4;7
5;3
Anzahl der Linienwechsel in Bloecken:
1;0
2;0
3;0
4;1
5;2
6;2
7;4
8;0
9;1


Loesung: huis_100_2_1_A06_e_M.txt

 - - - - - - - - - - - - - - - - - - - - - - - - - - - - 

GESAMTKOSTEN (bereinigt): 	2044115,53991699

	Fahrzeugkosten: 	2000000
	Operative Kosten: 	44115,5399169922
		-- Servicefahrten: 2349
		-- Depotfahrten: 	39797,0399169922
		-- Umsetzfahrten: 	0
		-- Wartekosten: 	1969,5

	Virtuelle Kosten: 	0
		-- Linien-Kanten: 	0
		-- Zeitfenster: 	0

 - - - - - - - - - - - - - - - - - - - - - - - - - - - - 


huis_100_2_1_A06_e_M.txt:

- - - - - - - - - - - -


Anzahl der Linien in Umlaeufen:
1;0
2;0
3;0
4;7
5;3
Anzahl der Linienwechsel in Umlaeufen:
1;0
2;0
3;0
4;1
5;2
6;2
7;4
8;0
9;1
Anzahl der Linien in Bloecken:
1;0
2;0
3;0
4;7
5;3
Anzahl der Linienwechsel in Bloecken:
1;0
2;0
3;0
4;1
5;2
6;2
7;4
8;0
9;1


Loesung: huis_100_2_1_A06_e_M_LH.txt

 - - - - - - - - - - - - - - - - - - - - - - - - - - - - 

GESAMTKOSTEN (bereinigt): 	2044115,53991699

	Fahrzeugkosten: 	2000000
	Operative Kosten: 	44115,5399169922
		-- Servicefahrten: 2349
		-- Depotfahrten: 	39797,0399169922
		-- Umsetzfahrten: 	0
		-- Wartekosten: 	1969,5

	Virtuelle Kosten: 	0
		-- Linien-Kanten: 	0
		-- Zeitfenster: 	0

 - - - - - - - - - - - - - - - - - - - - - - - - - - - - 


huis_100_2_1_A06_e_M_LH.txt:

- - - - - - - - - - - -


Anzahl der Linien in Umlaeufen:
1;0
2;0
3;0
4;7
5;3
Anzahl der Linienwechsel in Umlaeufen:
1;0
2;0
3;0
4;1
5;2
6;2
7;4
8;0
9;1
Anzahl der Linien in Bloecken:
1;0
2;0
3;0
4;7
5;3
Anzahl der Linienwechsel in Bloecken:
1;0
2;0
3;0
4;1
5;2
6;2
7;4
8;0
9;1


Loesung: huis_100_2_1_A06_e_X.txt

 - - - - - - - - - - - - - - - - - - - - - - - - - - - - 

GESAMTKOSTEN (bereinigt): 	2044115,53991699

	Fahrzeugkosten: 	2000000
	Operative Kosten: 	44115,5399169922
		-- Servicefahrten: 2349
		-- Depotfahrten: 	39797,0399169922
		-- Umsetzfahrten: 	0
		-- Wartekosten: 	1969,5

	Virtuelle Kosten: 	0
		-- Linien-Kanten: 	0
		-- Zeitfenster: 	0

 - - - - - - - - - - - - - - - - - - - - - - - - - - - - 


huis_100_2_1_A06_e_X.txt:

- - - - - - - - - - - -


Anzahl der Linien in Umlaeufen:
1;3
2;6
3;1
Anzahl der Linienwechsel in Umlaeufen:
1;0
2;0
3;1
4;1
5;1
6;4
Anzahl der Linien in Bloecken:
1;3
2;6
3;1
Anzahl der Linienwechsel in Bloecken:
1;0
2;0
3;1
4;1
5;1
6;4


Loesung: huis_100_2_1_A06_e_X_LH.txt

 - - - - - - - - - - - - - - - - - - - - - - - - - - - - 

GESAMTKOSTEN (bereinigt): 	2044115,53991699

	Fahrzeugkosten: 	2000000
	Operative Kosten: 	44115,5399169922
		-- Servicefahrten: 2349
		-- Depotfahrten: 	39797,0399169922
		-- Umsetzfahrten: 	0
		-- Wartekosten: 	1969,5

	Virtuelle Kosten: 	0
		-- Linien-Kanten: 	0
		-- Zeitfenster: 	0

 - - - - - - - - - - - - - - - - - - - - - - - - - - - - 


huis_100_2_1_A06_e_X_LH.txt:

- - - - - - - - - - - -


Anzahl der Linien in Umlaeufen:
1;0
2;0
3;0
4;2
5;8
Anzahl der Linienwechsel in Umlaeufen:
1;0
2;0
3;0
4;0
5;2
6;2
7;5
8;1
Anzahl der Linien in Bloecken:
1;0
2;0
3;0
4;2
5;8
Anzahl der Linienwechsel in Bloecken:
1;0
2;0
3;0
4;0
5;2
6;2
7;5
8;1


Loesung: huis_100_2_1_A06_e_B.txt

 - - - - - - - - - - - - - - - - - - - - - - - - - - - - 

GESAMTKOSTEN (bereinigt): 	2044115,53991699

	Fahrzeugkosten: 	2000000
	Operative Kosten: 	44115,5399169922
		-- Servicefahrten: 2349
		-- Depotfahrten: 	39797,0399169922
		-- Umsetzfahrten: 	0
		-- Wartekosten: 	1969,5

	Virtuelle Kosten: 	0
		-- Linien-Kanten: 	0
		-- Zeitfenster: 	0

 - - - - - - - - - - - - - - - - - - - - - - - - - - - - 


huis_100_2_1_A06_e_B.txt:

- - - - - - - - - - - -


Anzahl der Linien in Umlaeufen:
1;3
2;4
3;3
Anzahl der Linienwechsel in Umlaeufen:
1;0
2;0
3;0
4;2
5;1
6;3
7;1
Anzahl der Linien in Bloecken:
1;3
2;4
3;3
Anzahl der Linienwechsel in Bloecken:
1;0
2;0
3;0
4;2
5;1
6;3
7;1


Loesung: huis_100_2_1_A06_e_B_LH.txt

 - - - - - - - - - - - - - - - - - - - - - - - - - - - - 

GESAMTKOSTEN (bereinigt): 	2044115,53991699

	Fahrzeugkosten: 	2000000
	Operative Kosten: 	44115,5399169922
		-- Servicefahrten: 2349
		-- Depotfahrten: 	39797,0399169922
		-- Umsetzfahrten: 	0
		-- Wartekosten: 	1969,5

	Virtuelle Kosten: 	0
		-- Linien-Kanten: 	0
		-- Zeitfenster: 	0

 - - - - - - - - - - - - - - - - - - - - - - - - - - - - 


huis_100_2_1_A06_e_B_LH.txt:

- - - - - - - - - - - -


Anzahl der Linien in Umlaeufen:
1;0
2;0
3;0
4;3
5;7
Anzahl der Linienwechsel in Umlaeufen:
1;0
2;0
3;0
4;0
5;3
6;3
7;3
8;1
Anzahl der Linien in Bloecken:
1;0
2;0
3;0
4;3
5;7
Anzahl der Linienwechsel in Bloecken:
1;0
2;0
3;0
4;0
5;3
6;3
7;3
8;1

Laufzeit fuer Optimierung: 0,3124285
Gesamtlaufzeit: 00:00:00.6549909
