- - - Auslesen der IniValues-Datei abgeschlossen - - -

- - - Schedule einlesen (C:\FU\Abschlussarbeiten\MA_CB----RL_Umlaufplanung\MDVS_2014G\VSP\VSPOPT\bin\Debug\Bustestset\huismann\huis_100_4_1_A07.txt) - - -
	Instanz=huis_100_4_1_A07.txt
	3 von 9 Haltestellen herausgefiltert
	Anzahl Haltestellen: 6
	Anzahl moeglicher Depots: 1
	0 von 5 Linien herausgefiltert
	Anzahl Linien: 5
	0 von 1 Fahrzeugtypen herausgefiltert
	Anzahl Fahrzeugtypen: 1
	Anzahl Fahrzeugtypgruppen: 1
	Anzahl Servicefahrten: 100

Dichte der Original-Verbindungsmatrix: 1
Dichte der Verbindungsmatrix nach Vervollstaendigung: 1
Vervollstaendigung der Matrix nicht moeglich in 0 Faellen


Verteilung von Fahrten auf Fahrzeugtypgruppen:
      Gruppe   #Fahrten
	1	100

	Durchschnittliche Gruppengroeße: 1
- - - ENDE: Schedule einlesen - - -

Dichte der Verbindungsmatrix: 100 %

Substitution von Fahrzeugtypen - Level 1:
======Starte Optimierung Fahrplan 1 von 1...======
- - - Start: Exakte Optimierung durch TSN und MIP-Solver - - -

- - - TSN aufbauen - - -
	[0,1]: 100 Fahrt-Kanten und 0 Zeitfenster-Kanten eingefuegt
Timelines Created
	[0,1]: Reduced Matches[3169:366:227:227]
Aggregation Completed
Wasted WindowArcs Deleted
	[0,1]: 200 Depot-Kanten eingefuegt
DepotArcs Inserted
	[0,1]: Netzwerk aufgebaut (235 Warte-, 1 Rueck-Kanten, 241 Knoten)
Network Build

Netzwerkdaten:
	Fahrt-Kanten:		100
	Zeitfenster-Kanten:	0
	Verbindungs-Kanten:	227	<-- 227 <-- 366 <-- 3169
	Linien-Kanten:		0
	Depot-Kanten:		200
	Warte-Kanten:		235
	Rueck-Kanten:		1
			      ----------
				763

	Knoten:			241

- - - ENDE: TSN aufbauen - - -


Durchschnittliche Gruppengroeße (TSN): 1
Generiere mathematisches Modell ... fertig: 342 x 763 x 1627

- - - START: Standardoptimierer - - -


- - - ENDE: Standardoptimierer - - -

Kosten: 2098090,28015137
- - - ENDE: Exakte Optimierung durch TSN und MIP-Solver - - -

Anzahl Fahrzeuge in huis_100_4_1_A07_e_F.txt: 10
Anzahl Fahrzeuge in huis_100_4_1_A07_e_L.txt: 10
Anzahl Fahrzeuge in huis_100_4_1_A07_e_M.txt: 10
Anzahl Fahrzeuge in huis_100_4_1_A07_e_M_LH.txt: 10
Anzahl Fahrzeuge in huis_100_4_1_A07_e_X.txt: 10
Anzahl Fahrzeuge in huis_100_4_1_A07_e_X_LH.txt: 10
Anzahl Fahrzeuge in huis_100_4_1_A07_e_B.txt: 10
Anzahl Fahrzeuge in huis_100_4_1_A07_e_B_LH.txt: 10


Loesung: huis_100_4_1_A07_e_F.txt

 - - - - - - - - - - - - - - - - - - - - - - - - - - - - 

GESAMTKOSTEN (bereinigt): 	2098090,28015137

	Fahrzeugkosten: 	2000000
	Operative Kosten: 	98090,2801513672
		-- Servicefahrten: 2520
		-- Depotfahrten: 	71153,2796630859
		-- Umsetzfahrten: 	22779,5004882813
		-- Wartekosten: 	1637,5

	Virtuelle Kosten: 	0
		-- Linien-Kanten: 	0
		-- Zeitfenster: 	0

 - - - - - - - - - - - - - - - - - - - - - - - - - - - - 


huis_100_4_1_A07_e_F.txt:

- - - - - - - - - - - -


Anzahl der Linien in Umlaeufen:
1;0
2;0
3;0
4;3
5;7
Anzahl der Linienwechsel in Umlaeufen:
1;0
2;0
3;0
4;1
5;1
6;5
7;2
8;1
Anzahl der Linien in Bloecken:
1;0
2;0
3;0
4;3
5;7
Anzahl der Linienwechsel in Bloecken:
1;0
2;0
3;0
4;1
5;1
6;5
7;2
8;1


Loesung: huis_100_4_1_A07_e_L.txt

 - - - - - - - - - - - - - - - - - - - - - - - - - - - - 

GESAMTKOSTEN (bereinigt): 	2098090,28015137

	Fahrzeugkosten: 	2000000
	Operative Kosten: 	98090,2801513672
		-- Servicefahrten: 2520
		-- Depotfahrten: 	71153,2796630859
		-- Umsetzfahrten: 	22779,5004882813
		-- Wartekosten: 	1637,5

	Virtuelle Kosten: 	0
		-- Linien-Kanten: 	0
		-- Zeitfenster: 	0

 - - - - - - - - - - - - - - - - - - - - - - - - - - - - 


huis_100_4_1_A07_e_L.txt:

- - - - - - - - - - - -


Anzahl der Linien in Umlaeufen:
1;0
2;0
3;0
4;3
5;7
Anzahl der Linienwechsel in Umlaeufen:
1;0
2;0
3;0
4;0
5;1
6;4
7;5
Anzahl der Linien in Bloecken:
1;0
2;0
3;0
4;3
5;7
Anzahl der Linienwechsel in Bloecken:
1;0
2;0
3;0
4;0
5;1
6;4
7;5


Loesung: huis_100_4_1_A07_e_M.txt

 - - - - - - - - - - - - - - - - - - - - - - - - - - - - 

GESAMTKOSTEN (bereinigt): 	2098090,28015137

	Fahrzeugkosten: 	2000000
	Operative Kosten: 	98090,2801513672
		-- Servicefahrten: 2520
		-- Depotfahrten: 	71153,2796630859
		-- Umsetzfahrten: 	22779,5004882813
		-- Wartekosten: 	1637,5

	Virtuelle Kosten: 	0
		-- Linien-Kanten: 	0
		-- Zeitfenster: 	0

 - - - - - - - - - - - - - - - - - - - - - - - - - - - - 


huis_100_4_1_A07_e_M.txt:

- - - - - - - - - - - -


Anzahl der Linien in Umlaeufen:
1;0
2;0
3;0
4;6
5;4
Anzahl der Linienwechsel in Umlaeufen:
1;0
2;0
3;0
4;1
5;3
6;3
7;3
Anzahl der Linien in Bloecken:
1;0
2;0
3;0
4;6
5;4
Anzahl der Linienwechsel in Bloecken:
1;0
2;0
3;0
4;1
5;3
6;3
7;3


Loesung: huis_100_4_1_A07_e_M_LH.txt

 - - - - - - - - - - - - - - - - - - - - - - - - - - - - 

GESAMTKOSTEN (bereinigt): 	2098090,28015137

	Fahrzeugkosten: 	2000000
	Operative Kosten: 	98090,2801513672
		-- Servicefahrten: 2520
		-- Depotfahrten: 	71153,2796630859
		-- Umsetzfahrten: 	22779,5004882813
		-- Wartekosten: 	1637,5

	Virtuelle Kosten: 	0
		-- Linien-Kanten: 	0
		-- Zeitfenster: 	0

 - - - - - - - - - - - - - - - - - - - - - - - - - - - - 


huis_100_4_1_A07_e_M_LH.txt:

- - - - - - - - - - - -


Anzahl der Linien in Umlaeufen:
1;0
2;0
3;0
4;3
5;7
Anzahl der Linienwechsel in Umlaeufen:
1;0
2;0
3;0
4;0
5;1
6;4
7;5
Anzahl der Linien in Bloecken:
1;0
2;0
3;0
4;3
5;7
Anzahl der Linienwechsel in Bloecken:
1;0
2;0
3;0
4;0
5;1
6;4
7;5


Loesung: huis_100_4_1_A07_e_X.txt

 - - - - - - - - - - - - - - - - - - - - - - - - - - - - 

GESAMTKOSTEN (bereinigt): 	2098090,28015137

	Fahrzeugkosten: 	2000000
	Operative Kosten: 	98090,2801513672
		-- Servicefahrten: 2520
		-- Depotfahrten: 	71153,2796630859
		-- Umsetzfahrten: 	22779,5004882813
		-- Wartekosten: 	1637,5

	Virtuelle Kosten: 	0
		-- Linien-Kanten: 	0
		-- Zeitfenster: 	0

 - - - - - - - - - - - - - - - - - - - - - - - - - - - - 


huis_100_4_1_A07_e_X.txt:

- - - - - - - - - - - -


Anzahl der Linien in Umlaeufen:
1;0
2;2
3;5
4;3
Anzahl der Linienwechsel in Umlaeufen:
1;0
2;1
3;2
4;2
5;4
6;1
Anzahl der Linien in Bloecken:
1;0
2;2
3;5
4;3
Anzahl der Linienwechsel in Bloecken:
1;0
2;1
3;2
4;2
5;4
6;1


Loesung: huis_100_4_1_A07_e_X_LH.txt

 - - - - - - - - - - - - - - - - - - - - - - - - - - - - 

GESAMTKOSTEN (bereinigt): 	2098090,28015137

	Fahrzeugkosten: 	2000000
	Operative Kosten: 	98090,2801513672
		-- Servicefahrten: 2520
		-- Depotfahrten: 	71153,2796630859
		-- Umsetzfahrten: 	22779,5004882813
		-- Wartekosten: 	1637,5

	Virtuelle Kosten: 	0
		-- Linien-Kanten: 	0
		-- Zeitfenster: 	0

 - - - - - - - - - - - - - - - - - - - - - - - - - - - - 


huis_100_4_1_A07_e_X_LH.txt:

- - - - - - - - - - - -


Anzahl der Linien in Umlaeufen:
1;0
2;0
3;0
4;1
5;9
Anzahl der Linienwechsel in Umlaeufen:
1;0
2;0
3;0
4;0
5;0
6;0
7;6
8;4
Anzahl der Linien in Bloecken:
1;0
2;0
3;0
4;1
5;9
Anzahl der Linienwechsel in Bloecken:
1;0
2;0
3;0
4;0
5;0
6;0
7;6
8;4


Loesung: huis_100_4_1_A07_e_B.txt

 - - - - - - - - - - - - - - - - - - - - - - - - - - - - 

GESAMTKOSTEN (bereinigt): 	2098090,28015137

	Fahrzeugkosten: 	2000000
	Operative Kosten: 	98090,2801513672
		-- Servicefahrten: 2520
		-- Depotfahrten: 	71153,2796630859
		-- Umsetzfahrten: 	22779,5004882813
		-- Wartekosten: 	1637,5

	Virtuelle Kosten: 	0
		-- Linien-Kanten: 	0
		-- Zeitfenster: 	0

 - - - - - - - - - - - - - - - - - - - - - - - - - - - - 


huis_100_4_1_A07_e_B.txt:

- - - - - - - - - - - -


Anzahl der Linien in Umlaeufen:
1;0
2;2
3;5
4;3
Anzahl der Linienwechsel in Umlaeufen:
1;0
2;1
3;2
4;2
5;4
6;1
Anzahl der Linien in Bloecken:
1;0
2;2
3;5
4;3
Anzahl der Linienwechsel in Bloecken:
1;0
2;1
3;2
4;2
5;4
6;1


Loesung: huis_100_4_1_A07_e_B_LH.txt

 - - - - - - - - - - - - - - - - - - - - - - - - - - - - 

GESAMTKOSTEN (bereinigt): 	2098090,28015137

	Fahrzeugkosten: 	2000000
	Operative Kosten: 	98090,2801513672
		-- Servicefahrten: 2520
		-- Depotfahrten: 	71153,2796630859
		-- Umsetzfahrten: 	22779,5004882813
		-- Wartekosten: 	1637,5

	Virtuelle Kosten: 	0
		-- Linien-Kanten: 	0
		-- Zeitfenster: 	0

 - - - - - - - - - - - - - - - - - - - - - - - - - - - - 


huis_100_4_1_A07_e_B_LH.txt:

- - - - - - - - - - - -


Anzahl der Linien in Umlaeufen:
1;0
2;0
3;0
4;3
5;7
Anzahl der Linienwechsel in Umlaeufen:
1;0
2;0
3;0
4;0
5;1
6;3
7;4
8;2
Anzahl der Linien in Bloecken:
1;0
2;0
3;0
4;3
5;7
Anzahl der Linienwechsel in Bloecken:
1;0
2;0
3;0
4;0
5;1
6;3
7;4
8;2

Laufzeit fuer Optimierung: 0,3762006
Gesamtlaufzeit: 00:00:00.6243743
