- - - Auslesen der IniValues-Datei abgeschlossen - - -

- - - Schedule einlesen (C:\FU\Abschlussarbeiten\MA_CB----RL_Umlaufplanung\MDVS_2014G\VSP\VSPOPT\bin\Debug\Bustestset\huismann\huis_100_4_1_A03.txt) - - -
	Instanz=huis_100_4_1_A03.txt
	3 von 9 Haltestellen herausgefiltert
	Anzahl Haltestellen: 6
	Anzahl moeglicher Depots: 1
	0 von 5 Linien herausgefiltert
	Anzahl Linien: 5
	0 von 1 Fahrzeugtypen herausgefiltert
	Anzahl Fahrzeugtypen: 1
	Anzahl Fahrzeugtypgruppen: 1
	Anzahl Servicefahrten: 100

Dichte der Original-Verbindungsmatrix: 1
Dichte der Verbindungsmatrix nach Vervollstaendigung: 1
Vervollstaendigung der Matrix nicht moeglich in 0 Faellen


Verteilung von Fahrten auf Fahrzeugtypgruppen:
      Gruppe   #Fahrten
	1	100

	Durchschnittliche Gruppengroeße: 1
- - - ENDE: Schedule einlesen - - -

Dichte der Verbindungsmatrix: 100 %

Substitution von Fahrzeugtypen - Level 1:
======Starte Optimierung Fahrplan 1 von 1...======
- - - Start: Exakte Optimierung durch TSN und MIP-Solver - - -

- - - TSN aufbauen - - -
	[0,1]: 100 Fahrt-Kanten und 0 Zeitfenster-Kanten eingefuegt
Timelines Created
	[0,1]: Reduced Matches[3115:369:207:207]
Aggregation Completed
Wasted WindowArcs Deleted
	[0,1]: 200 Depot-Kanten eingefuegt
DepotArcs Inserted
	[0,1]: Netzwerk aufgebaut (235 Warte-, 1 Rueck-Kanten, 241 Knoten)
Network Build

Netzwerkdaten:
	Fahrt-Kanten:		100
	Zeitfenster-Kanten:	0
	Verbindungs-Kanten:	207	<-- 207 <-- 369 <-- 3115
	Linien-Kanten:		0
	Depot-Kanten:		200
	Warte-Kanten:		235
	Rueck-Kanten:		1
			      ----------
				743

	Knoten:			241

- - - ENDE: TSN aufbauen - - -


Durchschnittliche Gruppengroeße (TSN): 1
Generiere mathematisches Modell ... fertig: 342 x 743 x 1587

- - - START: Standardoptimierer - - -


- - - ENDE: Standardoptimierer - - -

Kosten: 1858805,359375
- - - ENDE: Exakte Optimierung durch TSN und MIP-Solver - - -

Anzahl Fahrzeuge in huis_100_4_1_A03_e_F.txt: 9
Anzahl Fahrzeuge in huis_100_4_1_A03_e_L.txt: 9
Anzahl Fahrzeuge in huis_100_4_1_A03_e_M.txt: 9
Anzahl Fahrzeuge in huis_100_4_1_A03_e_M_LH.txt: 9
Anzahl Fahrzeuge in huis_100_4_1_A03_e_X.txt: 9
Anzahl Fahrzeuge in huis_100_4_1_A03_e_X_LH.txt: 9
Anzahl Fahrzeuge in huis_100_4_1_A03_e_B.txt: 9
Anzahl Fahrzeuge in huis_100_4_1_A03_e_B_LH.txt: 9


Loesung: huis_100_4_1_A03_e_F.txt

 - - - - - - - - - - - - - - - - - - - - - - - - - - - - 

GESAMTKOSTEN (bereinigt): 	1858805,359375

	Fahrzeugkosten: 	1800000
	Operative Kosten: 	58805,359375
		-- Servicefahrten: 2687
		-- Depotfahrten: 	54671,359375
		-- Umsetzfahrten: 	0
		-- Wartekosten: 	1447

	Virtuelle Kosten: 	0
		-- Linien-Kanten: 	0
		-- Zeitfenster: 	0

 - - - - - - - - - - - - - - - - - - - - - - - - - - - - 


huis_100_4_1_A03_e_F.txt:

- - - - - - - - - - - -


Anzahl der Linien in Umlaeufen:
1;0
2;0
3;1
4;5
5;3
Anzahl der Linienwechsel in Umlaeufen:
1;0
2;0
3;0
4;1
5;2
6;1
7;4
8;1
Anzahl der Linien in Bloecken:
1;0
2;0
3;1
4;5
5;3
Anzahl der Linienwechsel in Bloecken:
1;0
2;0
3;0
4;1
5;2
6;1
7;4
8;1


Loesung: huis_100_4_1_A03_e_L.txt

 - - - - - - - - - - - - - - - - - - - - - - - - - - - - 

GESAMTKOSTEN (bereinigt): 	1858805,359375

	Fahrzeugkosten: 	1800000
	Operative Kosten: 	58805,359375
		-- Servicefahrten: 2687
		-- Depotfahrten: 	54671,359375
		-- Umsetzfahrten: 	0
		-- Wartekosten: 	1447

	Virtuelle Kosten: 	0
		-- Linien-Kanten: 	0
		-- Zeitfenster: 	0

 - - - - - - - - - - - - - - - - - - - - - - - - - - - - 


huis_100_4_1_A03_e_L.txt:

- - - - - - - - - - - -


Anzahl der Linien in Umlaeufen:
1;0
2;1
3;0
4;5
5;3
Anzahl der Linienwechsel in Umlaeufen:
1;0
2;1
3;0
4;0
5;3
6;1
7;3
8;1
Anzahl der Linien in Bloecken:
1;0
2;1
3;0
4;5
5;3
Anzahl der Linienwechsel in Bloecken:
1;0
2;1
3;0
4;0
5;3
6;1
7;3
8;1


Loesung: huis_100_4_1_A03_e_M.txt

 - - - - - - - - - - - - - - - - - - - - - - - - - - - - 

GESAMTKOSTEN (bereinigt): 	1858805,359375

	Fahrzeugkosten: 	1800000
	Operative Kosten: 	58805,359375
		-- Servicefahrten: 2687
		-- Depotfahrten: 	54671,359375
		-- Umsetzfahrten: 	0
		-- Wartekosten: 	1447

	Virtuelle Kosten: 	0
		-- Linien-Kanten: 	0
		-- Zeitfenster: 	0

 - - - - - - - - - - - - - - - - - - - - - - - - - - - - 


huis_100_4_1_A03_e_M.txt:

- - - - - - - - - - - -


Anzahl der Linien in Umlaeufen:
1;0
2;1
3;0
4;5
5;3
Anzahl der Linienwechsel in Umlaeufen:
1;0
2;1
3;0
4;0
5;3
6;1
7;3
8;1
Anzahl der Linien in Bloecken:
1;0
2;1
3;0
4;5
5;3
Anzahl der Linienwechsel in Bloecken:
1;0
2;1
3;0
4;0
5;3
6;1
7;3
8;1


Loesung: huis_100_4_1_A03_e_M_LH.txt

 - - - - - - - - - - - - - - - - - - - - - - - - - - - - 

GESAMTKOSTEN (bereinigt): 	1858805,359375

	Fahrzeugkosten: 	1800000
	Operative Kosten: 	58805,359375
		-- Servicefahrten: 2687
		-- Depotfahrten: 	54671,359375
		-- Umsetzfahrten: 	0
		-- Wartekosten: 	1447

	Virtuelle Kosten: 	0
		-- Linien-Kanten: 	0
		-- Zeitfenster: 	0

 - - - - - - - - - - - - - - - - - - - - - - - - - - - - 


huis_100_4_1_A03_e_M_LH.txt:

- - - - - - - - - - - -


Anzahl der Linien in Umlaeufen:
1;0
2;1
3;0
4;5
5;3
Anzahl der Linienwechsel in Umlaeufen:
1;0
2;1
3;0
4;0
5;3
6;1
7;3
8;1
Anzahl der Linien in Bloecken:
1;0
2;1
3;0
4;5
5;3
Anzahl der Linienwechsel in Bloecken:
1;0
2;1
3;0
4;0
5;3
6;1
7;3
8;1


Loesung: huis_100_4_1_A03_e_X.txt

 - - - - - - - - - - - - - - - - - - - - - - - - - - - - 

GESAMTKOSTEN (bereinigt): 	1858805,359375

	Fahrzeugkosten: 	1800000
	Operative Kosten: 	58805,359375
		-- Servicefahrten: 2687
		-- Depotfahrten: 	54671,359375
		-- Umsetzfahrten: 	0
		-- Wartekosten: 	1447

	Virtuelle Kosten: 	0
		-- Linien-Kanten: 	0
		-- Zeitfenster: 	0

 - - - - - - - - - - - - - - - - - - - - - - - - - - - - 


huis_100_4_1_A03_e_X.txt:

- - - - - - - - - - - -


Anzahl der Linien in Umlaeufen:
1;0
2;2
3;2
4;4
5;1
Anzahl der Linienwechsel in Umlaeufen:
1;0
2;1
3;2
4;1
5;2
6;2
7;1
Anzahl der Linien in Bloecken:
1;0
2;2
3;2
4;4
5;1
Anzahl der Linienwechsel in Bloecken:
1;0
2;1
3;2
4;1
5;2
6;2
7;1


Loesung: huis_100_4_1_A03_e_X_LH.txt

 - - - - - - - - - - - - - - - - - - - - - - - - - - - - 

GESAMTKOSTEN (bereinigt): 	1858805,359375

	Fahrzeugkosten: 	1800000
	Operative Kosten: 	58805,359375
		-- Servicefahrten: 2687
		-- Depotfahrten: 	54671,359375
		-- Umsetzfahrten: 	0
		-- Wartekosten: 	1447

	Virtuelle Kosten: 	0
		-- Linien-Kanten: 	0
		-- Zeitfenster: 	0

 - - - - - - - - - - - - - - - - - - - - - - - - - - - - 


huis_100_4_1_A03_e_X_LH.txt:

- - - - - - - - - - - -


Anzahl der Linien in Umlaeufen:
1;0
2;0
3;1
4;5
5;3
Anzahl der Linienwechsel in Umlaeufen:
1;0
2;0
3;0
4;1
5;2
6;1
7;4
8;1
Anzahl der Linien in Bloecken:
1;0
2;0
3;1
4;5
5;3
Anzahl der Linienwechsel in Bloecken:
1;0
2;0
3;0
4;1
5;2
6;1
7;4
8;1


Loesung: huis_100_4_1_A03_e_B.txt

 - - - - - - - - - - - - - - - - - - - - - - - - - - - - 

GESAMTKOSTEN (bereinigt): 	1858805,359375

	Fahrzeugkosten: 	1800000
	Operative Kosten: 	58805,359375
		-- Servicefahrten: 2687
		-- Depotfahrten: 	54671,359375
		-- Umsetzfahrten: 	0
		-- Wartekosten: 	1447

	Virtuelle Kosten: 	0
		-- Linien-Kanten: 	0
		-- Zeitfenster: 	0

 - - - - - - - - - - - - - - - - - - - - - - - - - - - - 


huis_100_4_1_A03_e_B.txt:

- - - - - - - - - - - -


Anzahl der Linien in Umlaeufen:
1;0
2;2
3;3
4;4
Anzahl der Linienwechsel in Umlaeufen:
1;0
2;1
3;3
4;1
5;1
6;2
7;1
Anzahl der Linien in Bloecken:
1;0
2;2
3;3
4;4
Anzahl der Linienwechsel in Bloecken:
1;0
2;1
3;3
4;1
5;1
6;2
7;1


Loesung: huis_100_4_1_A03_e_B_LH.txt

 - - - - - - - - - - - - - - - - - - - - - - - - - - - - 

GESAMTKOSTEN (bereinigt): 	1858805,359375

	Fahrzeugkosten: 	1800000
	Operative Kosten: 	58805,359375
		-- Servicefahrten: 2687
		-- Depotfahrten: 	54671,359375
		-- Umsetzfahrten: 	0
		-- Wartekosten: 	1447

	Virtuelle Kosten: 	0
		-- Linien-Kanten: 	0
		-- Zeitfenster: 	0

 - - - - - - - - - - - - - - - - - - - - - - - - - - - - 


huis_100_4_1_A03_e_B_LH.txt:

- - - - - - - - - - - -


Anzahl der Linien in Umlaeufen:
1;0
2;0
3;0
4;7
5;2
Anzahl der Linienwechsel in Umlaeufen:
1;0
2;0
3;1
4;0
5;2
6;2
7;3
8;1
Anzahl der Linien in Bloecken:
1;0
2;0
3;0
4;7
5;2
Anzahl der Linienwechsel in Bloecken:
1;0
2;0
3;1
4;0
5;2
6;2
7;3
8;1

Laufzeit fuer Optimierung: 0,3762425
Gesamtlaufzeit: 00:00:00.6218032
