- - - Auslesen der IniValues-Datei abgeschlossen - - -

- - - Schedule einlesen (C:\FU\Abschlussarbeiten\MA_CB----RL_Umlaufplanung\MDVS_2014G\VSP\VSPOPT\bin\Debug\Bustestset\huismann\huis_100_2_1_B07.txt) - - -
	Instanz=huis_100_2_1_B07.txt
	1 von 7 Haltestellen herausgefiltert
	Anzahl Haltestellen: 6
	Anzahl moeglicher Depots: 1
	0 von 5 Linien herausgefiltert
	Anzahl Linien: 5
	0 von 1 Fahrzeugtypen herausgefiltert
	Anzahl Fahrzeugtypen: 1
	Anzahl Fahrzeugtypgruppen: 1
	Anzahl Servicefahrten: 100

Dichte der Original-Verbindungsmatrix: 1
Dichte der Verbindungsmatrix nach Vervollstaendigung: 1
Vervollstaendigung der Matrix nicht moeglich in 0 Faellen


Verteilung von Fahrten auf Fahrzeugtypgruppen:
      Gruppe   #Fahrten
	1	100

	Durchschnittliche Gruppengroeße: 1
- - - ENDE: Schedule einlesen - - -

Dichte der Verbindungsmatrix: 100 %

Substitution von Fahrzeugtypen - Level 1:
======Starte Optimierung Fahrplan 1 von 1...======
- - - Start: Exakte Optimierung durch TSN und MIP-Solver - - -

- - - TSN aufbauen - - -
	[0,1]: 100 Fahrt-Kanten und 0 Zeitfenster-Kanten eingefuegt
Timelines Created
	[0,1]: Reduced Matches[3054:363:217:217]
Aggregation Completed
Wasted WindowArcs Deleted
	[0,1]: 200 Depot-Kanten eingefuegt
DepotArcs Inserted
	[0,1]: Netzwerk aufgebaut (228 Warte-, 1 Rueck-Kanten, 234 Knoten)
Network Build

Netzwerkdaten:
	Fahrt-Kanten:		100
	Zeitfenster-Kanten:	0
	Verbindungs-Kanten:	217	<-- 217 <-- 363 <-- 3054
	Linien-Kanten:		0
	Depot-Kanten:		200
	Warte-Kanten:		228
	Rueck-Kanten:		1
			      ----------
				746

	Knoten:			234

- - - ENDE: TSN aufbauen - - -


Durchschnittliche Gruppengroeße (TSN): 1
Generiere mathematisches Modell ... fertig: 335 x 746 x 1593

- - - START: Standardoptimierer - - -


- - - ENDE: Standardoptimierer - - -

Kosten: 2473707,13891602
- - - ENDE: Exakte Optimierung durch TSN und MIP-Solver - - -

Anzahl Fahrzeuge in huis_100_2_1_B07_e_F.txt: 12
Anzahl Fahrzeuge in huis_100_2_1_B07_e_L.txt: 12
Anzahl Fahrzeuge in huis_100_2_1_B07_e_M.txt: 12
Anzahl Fahrzeuge in huis_100_2_1_B07_e_M_LH.txt: 12
Anzahl Fahrzeuge in huis_100_2_1_B07_e_X.txt: 12
Anzahl Fahrzeuge in huis_100_2_1_B07_e_X_LH.txt: 12
Anzahl Fahrzeuge in huis_100_2_1_B07_e_B.txt: 12
Anzahl Fahrzeuge in huis_100_2_1_B07_e_B_LH.txt: 12


Loesung: huis_100_2_1_B07_e_F.txt

 - - - - - - - - - - - - - - - - - - - - - - - - - - - - 

GESAMTKOSTEN (bereinigt): 	2473707,13891602

	Fahrzeugkosten: 	2400000
	Operative Kosten: 	73707,1389160156
		-- Servicefahrten: 3365,5
		-- Depotfahrten: 	68539,6389160156
		-- Umsetzfahrten: 	0
		-- Wartekosten: 	1802

	Virtuelle Kosten: 	0
		-- Linien-Kanten: 	0
		-- Zeitfenster: 	0

 - - - - - - - - - - - - - - - - - - - - - - - - - - - - 


huis_100_2_1_B07_e_F.txt:

- - - - - - - - - - - -


Anzahl der Linien in Umlaeufen:
1;1
2;3
3;1
4;6
5;1
Anzahl der Linienwechsel in Umlaeufen:
1;2
2;1
3;0
4;0
5;1
6;3
7;1
8;2
9;1
Anzahl der Linien in Bloecken:
1;1
2;3
3;1
4;6
5;1
Anzahl der Linienwechsel in Bloecken:
1;2
2;1
3;0
4;0
5;1
6;3
7;1
8;2
9;1


Loesung: huis_100_2_1_B07_e_L.txt

 - - - - - - - - - - - - - - - - - - - - - - - - - - - - 

GESAMTKOSTEN (bereinigt): 	2473707,13891602

	Fahrzeugkosten: 	2400000
	Operative Kosten: 	73707,1389160156
		-- Servicefahrten: 3365,5
		-- Depotfahrten: 	68539,6389160156
		-- Umsetzfahrten: 	0
		-- Wartekosten: 	1802

	Virtuelle Kosten: 	0
		-- Linien-Kanten: 	0
		-- Zeitfenster: 	0

 - - - - - - - - - - - - - - - - - - - - - - - - - - - - 


huis_100_2_1_B07_e_L.txt:

- - - - - - - - - - - -


Anzahl der Linien in Umlaeufen:
1;1
2;1
3;0
4;9
5;1
Anzahl der Linienwechsel in Umlaeufen:
1;1
2;0
3;2
4;0
5;3
6;2
7;2
8;1
Anzahl der Linien in Bloecken:
1;1
2;1
3;0
4;9
5;1
Anzahl der Linienwechsel in Bloecken:
1;1
2;0
3;2
4;0
5;3
6;2
7;2
8;1


Loesung: huis_100_2_1_B07_e_M.txt

 - - - - - - - - - - - - - - - - - - - - - - - - - - - - 

GESAMTKOSTEN (bereinigt): 	2473707,13891602

	Fahrzeugkosten: 	2400000
	Operative Kosten: 	73707,1389160156
		-- Servicefahrten: 3365,5
		-- Depotfahrten: 	68539,6389160156
		-- Umsetzfahrten: 	0
		-- Wartekosten: 	1802

	Virtuelle Kosten: 	0
		-- Linien-Kanten: 	0
		-- Zeitfenster: 	0

 - - - - - - - - - - - - - - - - - - - - - - - - - - - - 


huis_100_2_1_B07_e_M.txt:

- - - - - - - - - - - -


Anzahl der Linien in Umlaeufen:
1;1
2;1
3;0
4;9
5;1
Anzahl der Linienwechsel in Umlaeufen:
1;1
2;0
3;2
4;0
5;3
6;2
7;2
8;1
Anzahl der Linien in Bloecken:
1;1
2;1
3;0
4;9
5;1
Anzahl der Linienwechsel in Bloecken:
1;1
2;0
3;2
4;0
5;3
6;2
7;2
8;1


Loesung: huis_100_2_1_B07_e_M_LH.txt

 - - - - - - - - - - - - - - - - - - - - - - - - - - - - 

GESAMTKOSTEN (bereinigt): 	2473707,13891602

	Fahrzeugkosten: 	2400000
	Operative Kosten: 	73707,1389160156
		-- Servicefahrten: 3365,5
		-- Depotfahrten: 	68539,6389160156
		-- Umsetzfahrten: 	0
		-- Wartekosten: 	1802

	Virtuelle Kosten: 	0
		-- Linien-Kanten: 	0
		-- Zeitfenster: 	0

 - - - - - - - - - - - - - - - - - - - - - - - - - - - - 


huis_100_2_1_B07_e_M_LH.txt:

- - - - - - - - - - - -


Anzahl der Linien in Umlaeufen:
1;1
2;1
3;0
4;9
5;1
Anzahl der Linienwechsel in Umlaeufen:
1;1
2;0
3;2
4;0
5;3
6;2
7;2
8;1
Anzahl der Linien in Bloecken:
1;1
2;1
3;0
4;9
5;1
Anzahl der Linienwechsel in Bloecken:
1;1
2;0
3;2
4;0
5;3
6;2
7;2
8;1


Loesung: huis_100_2_1_B07_e_X.txt

 - - - - - - - - - - - - - - - - - - - - - - - - - - - - 

GESAMTKOSTEN (bereinigt): 	2473707,13891602

	Fahrzeugkosten: 	2400000
	Operative Kosten: 	73707,1389160156
		-- Servicefahrten: 3365,5
		-- Depotfahrten: 	68539,6389160156
		-- Umsetzfahrten: 	0
		-- Wartekosten: 	1802

	Virtuelle Kosten: 	0
		-- Linien-Kanten: 	0
		-- Zeitfenster: 	0

 - - - - - - - - - - - - - - - - - - - - - - - - - - - - 


huis_100_2_1_B07_e_X.txt:

- - - - - - - - - - - -


Anzahl der Linien in Umlaeufen:
1;1
2;2
3;1
4;8
Anzahl der Linienwechsel in Umlaeufen:
1;1
2;1
3;2
4;1
5;1
6;4
7;1
Anzahl der Linien in Bloecken:
1;1
2;2
3;1
4;8
Anzahl der Linienwechsel in Bloecken:
1;1
2;1
3;2
4;1
5;1
6;4
7;1


Loesung: huis_100_2_1_B07_e_X_LH.txt

 - - - - - - - - - - - - - - - - - - - - - - - - - - - - 

GESAMTKOSTEN (bereinigt): 	2473707,13891602

	Fahrzeugkosten: 	2400000
	Operative Kosten: 	73707,1389160156
		-- Servicefahrten: 3365,5
		-- Depotfahrten: 	68539,6389160156
		-- Umsetzfahrten: 	0
		-- Wartekosten: 	1802

	Virtuelle Kosten: 	0
		-- Linien-Kanten: 	0
		-- Zeitfenster: 	0

 - - - - - - - - - - - - - - - - - - - - - - - - - - - - 


huis_100_2_1_B07_e_X_LH.txt:

- - - - - - - - - - - -


Anzahl der Linien in Umlaeufen:
1;0
2;0
3;0
4;6
5;6
Anzahl der Linienwechsel in Umlaeufen:
1;0
2;0
3;2
4;1
5;2
6;3
7;4
Anzahl der Linien in Bloecken:
1;0
2;0
3;0
4;6
5;6
Anzahl der Linienwechsel in Bloecken:
1;0
2;0
3;2
4;1
5;2
6;3
7;4


Loesung: huis_100_2_1_B07_e_B.txt

 - - - - - - - - - - - - - - - - - - - - - - - - - - - - 

GESAMTKOSTEN (bereinigt): 	2473707,13891602

	Fahrzeugkosten: 	2400000
	Operative Kosten: 	73707,1389160156
		-- Servicefahrten: 3365,5
		-- Depotfahrten: 	68539,6389160156
		-- Umsetzfahrten: 	0
		-- Wartekosten: 	1802

	Virtuelle Kosten: 	0
		-- Linien-Kanten: 	0
		-- Zeitfenster: 	0

 - - - - - - - - - - - - - - - - - - - - - - - - - - - - 


huis_100_2_1_B07_e_B.txt:

- - - - - - - - - - - -


Anzahl der Linien in Umlaeufen:
1;0
2;0
3;4
4;5
5;3
Anzahl der Linienwechsel in Umlaeufen:
1;0
2;1
3;3
4;1
5;4
6;3
Anzahl der Linien in Bloecken:
1;0
2;0
3;4
4;5
5;3
Anzahl der Linienwechsel in Bloecken:
1;0
2;1
3;3
4;1
5;4
6;3


Loesung: huis_100_2_1_B07_e_B_LH.txt

 - - - - - - - - - - - - - - - - - - - - - - - - - - - - 

GESAMTKOSTEN (bereinigt): 	2473707,13891602

	Fahrzeugkosten: 	2400000
	Operative Kosten: 	73707,1389160156
		-- Servicefahrten: 3365,5
		-- Depotfahrten: 	68539,6389160156
		-- Umsetzfahrten: 	0
		-- Wartekosten: 	1802

	Virtuelle Kosten: 	0
		-- Linien-Kanten: 	0
		-- Zeitfenster: 	0

 - - - - - - - - - - - - - - - - - - - - - - - - - - - - 


huis_100_2_1_B07_e_B_LH.txt:

- - - - - - - - - - - -


Anzahl der Linien in Umlaeufen:
1;0
2;0
3;0
4;8
5;4
Anzahl der Linienwechsel in Umlaeufen:
1;0
2;0
3;3
4;3
5;2
6;0
7;2
8;1
9;1
Anzahl der Linien in Bloecken:
1;0
2;0
3;0
4;8
5;4
Anzahl der Linienwechsel in Bloecken:
1;0
2;0
3;3
4;3
5;2
6;0
7;2
8;1
9;1

Laufzeit fuer Optimierung: 0,3856468
Gesamtlaufzeit: 00:00:00.6824524
