- - - Auslesen der IniValues-Datei abgeschlossen - - -

- - - Schedule einlesen (C:\FU\Abschlussarbeiten\MA_CB----RL_Umlaufplanung\MDVS_2014G\VSP\VSPOPT\bin\Debug\Bustestset\huismann\huis_100_2_1_A05.txt) - - -
	Instanz=huis_100_2_1_A05.txt
	1 von 7 Haltestellen herausgefiltert
	Anzahl Haltestellen: 6
	Anzahl moeglicher Depots: 1
	0 von 5 Linien herausgefiltert
	Anzahl Linien: 5
	0 von 1 Fahrzeugtypen herausgefiltert
	Anzahl Fahrzeugtypen: 1
	Anzahl Fahrzeugtypgruppen: 1
	Anzahl Servicefahrten: 100

Dichte der Original-Verbindungsmatrix: 1
Dichte der Verbindungsmatrix nach Vervollstaendigung: 1
Vervollstaendigung der Matrix nicht moeglich in 0 Faellen


Verteilung von Fahrten auf Fahrzeugtypgruppen:
      Gruppe   #Fahrten
	1	100

	Durchschnittliche Gruppengroeße: 1
- - - ENDE: Schedule einlesen - - -

Dichte der Verbindungsmatrix: 100 %

Substitution von Fahrzeugtypen - Level 1:
======Starte Optimierung Fahrplan 1 von 1...======
- - - Start: Exakte Optimierung durch TSN und MIP-Solver - - -

- - - TSN aufbauen - - -
	[0,1]: 100 Fahrt-Kanten und 0 Zeitfenster-Kanten eingefuegt
Timelines Created
	[0,1]: Reduced Matches[3046:350:213:213]
Aggregation Completed
Wasted WindowArcs Deleted
	[0,1]: 200 Depot-Kanten eingefuegt
DepotArcs Inserted
	[0,1]: Netzwerk aufgebaut (237 Warte-, 1 Rueck-Kanten, 243 Knoten)
Network Build

Netzwerkdaten:
	Fahrt-Kanten:		100
	Zeitfenster-Kanten:	0
	Verbindungs-Kanten:	213	<-- 213 <-- 350 <-- 3046
	Linien-Kanten:		0
	Depot-Kanten:		200
	Warte-Kanten:		237
	Rueck-Kanten:		1
			      ----------
				751

	Knoten:			243

- - - ENDE: TSN aufbauen - - -


Durchschnittliche Gruppengroeße (TSN): 1
Generiere mathematisches Modell ... fertig: 344 x 751 x 1603

- - - START: Standardoptimierer - - -


- - - ENDE: Standardoptimierer - - -

Kosten: 2462404,79882813
- - - ENDE: Exakte Optimierung durch TSN und MIP-Solver - - -

Anzahl Fahrzeuge in huis_100_2_1_A05_e_F.txt: 12
Anzahl Fahrzeuge in huis_100_2_1_A05_e_L.txt: 12
Anzahl Fahrzeuge in huis_100_2_1_A05_e_M.txt: 12
Anzahl Fahrzeuge in huis_100_2_1_A05_e_M_LH.txt: 12
Anzahl Fahrzeuge in huis_100_2_1_A05_e_X.txt: 12
Anzahl Fahrzeuge in huis_100_2_1_A05_e_X_LH.txt: 12
Anzahl Fahrzeuge in huis_100_2_1_A05_e_B.txt: 12
Anzahl Fahrzeuge in huis_100_2_1_A05_e_B_LH.txt: 12


Loesung: huis_100_2_1_A05_e_F.txt

 - - - - - - - - - - - - - - - - - - - - - - - - - - - - 

GESAMTKOSTEN (bereinigt): 	2462404,79882813

	Fahrzeugkosten: 	2400000
	Operative Kosten: 	62404,798828125
		-- Servicefahrten: 2880,5
		-- Depotfahrten: 	57283,798828125
		-- Umsetzfahrten: 	0
		-- Wartekosten: 	2240,5

	Virtuelle Kosten: 	0
		-- Linien-Kanten: 	0
		-- Zeitfenster: 	0

 - - - - - - - - - - - - - - - - - - - - - - - - - - - - 


huis_100_2_1_A05_e_F.txt:

- - - - - - - - - - - -


Anzahl der Linien in Umlaeufen:
1;0
2;2
3;5
4;4
5;1
Anzahl der Linienwechsel in Umlaeufen:
1;1
2;1
3;3
4;3
5;2
6;1
7;1
Anzahl der Linien in Bloecken:
1;0
2;2
3;5
4;4
5;1
Anzahl der Linienwechsel in Bloecken:
1;1
2;1
3;3
4;3
5;2
6;1
7;1


Loesung: huis_100_2_1_A05_e_L.txt

 - - - - - - - - - - - - - - - - - - - - - - - - - - - - 

GESAMTKOSTEN (bereinigt): 	2462404,79882813

	Fahrzeugkosten: 	2400000
	Operative Kosten: 	62404,798828125
		-- Servicefahrten: 2880,5
		-- Depotfahrten: 	57283,798828125
		-- Umsetzfahrten: 	0
		-- Wartekosten: 	2240,5

	Virtuelle Kosten: 	0
		-- Linien-Kanten: 	0
		-- Zeitfenster: 	0

 - - - - - - - - - - - - - - - - - - - - - - - - - - - - 


huis_100_2_1_A05_e_L.txt:

- - - - - - - - - - - -


Anzahl der Linien in Umlaeufen:
1;0
2;2
3;5
4;5
Anzahl der Linienwechsel in Umlaeufen:
1;1
2;2
3;3
4;1
5;2
6;2
7;1
Anzahl der Linien in Bloecken:
1;0
2;2
3;5
4;5
Anzahl der Linienwechsel in Bloecken:
1;1
2;2
3;3
4;1
5;2
6;2
7;1


Loesung: huis_100_2_1_A05_e_M.txt

 - - - - - - - - - - - - - - - - - - - - - - - - - - - - 

GESAMTKOSTEN (bereinigt): 	2462404,79882813

	Fahrzeugkosten: 	2400000
	Operative Kosten: 	62404,798828125
		-- Servicefahrten: 2880,5
		-- Depotfahrten: 	57283,798828125
		-- Umsetzfahrten: 	0
		-- Wartekosten: 	2240,5

	Virtuelle Kosten: 	0
		-- Linien-Kanten: 	0
		-- Zeitfenster: 	0

 - - - - - - - - - - - - - - - - - - - - - - - - - - - - 


huis_100_2_1_A05_e_M.txt:

- - - - - - - - - - - -


Anzahl der Linien in Umlaeufen:
1;0
2;2
3;5
4;5
Anzahl der Linienwechsel in Umlaeufen:
1;1
2;2
3;3
4;1
5;2
6;2
7;1
Anzahl der Linien in Bloecken:
1;0
2;2
3;5
4;5
Anzahl der Linienwechsel in Bloecken:
1;1
2;2
3;3
4;1
5;2
6;2
7;1


Loesung: huis_100_2_1_A05_e_M_LH.txt

 - - - - - - - - - - - - - - - - - - - - - - - - - - - - 

GESAMTKOSTEN (bereinigt): 	2462404,79882813

	Fahrzeugkosten: 	2400000
	Operative Kosten: 	62404,798828125
		-- Servicefahrten: 2880,5
		-- Depotfahrten: 	57283,798828125
		-- Umsetzfahrten: 	0
		-- Wartekosten: 	2240,5

	Virtuelle Kosten: 	0
		-- Linien-Kanten: 	0
		-- Zeitfenster: 	0

 - - - - - - - - - - - - - - - - - - - - - - - - - - - - 


huis_100_2_1_A05_e_M_LH.txt:

- - - - - - - - - - - -


Anzahl der Linien in Umlaeufen:
1;0
2;2
3;5
4;5
Anzahl der Linienwechsel in Umlaeufen:
1;1
2;2
3;3
4;1
5;2
6;2
7;1
Anzahl der Linien in Bloecken:
1;0
2;2
3;5
4;5
Anzahl der Linienwechsel in Bloecken:
1;1
2;2
3;3
4;1
5;2
6;2
7;1


Loesung: huis_100_2_1_A05_e_X.txt

 - - - - - - - - - - - - - - - - - - - - - - - - - - - - 

GESAMTKOSTEN (bereinigt): 	2462404,79882813

	Fahrzeugkosten: 	2400000
	Operative Kosten: 	62404,798828125
		-- Servicefahrten: 2880,5
		-- Depotfahrten: 	57283,798828125
		-- Umsetzfahrten: 	0
		-- Wartekosten: 	2240,5

	Virtuelle Kosten: 	0
		-- Linien-Kanten: 	0
		-- Zeitfenster: 	0

 - - - - - - - - - - - - - - - - - - - - - - - - - - - - 


huis_100_2_1_A05_e_X.txt:

- - - - - - - - - - - -


Anzahl der Linien in Umlaeufen:
1;9
2;2
3;1
Anzahl der Linienwechsel in Umlaeufen:
1;2
2;1
Anzahl der Linien in Bloecken:
1;9
2;2
3;1
Anzahl der Linienwechsel in Bloecken:
1;2
2;1


Loesung: huis_100_2_1_A05_e_X_LH.txt

 - - - - - - - - - - - - - - - - - - - - - - - - - - - - 

GESAMTKOSTEN (bereinigt): 	2462404,79882813

	Fahrzeugkosten: 	2400000
	Operative Kosten: 	62404,798828125
		-- Servicefahrten: 2880,5
		-- Depotfahrten: 	57283,798828125
		-- Umsetzfahrten: 	0
		-- Wartekosten: 	2240,5

	Virtuelle Kosten: 	0
		-- Linien-Kanten: 	0
		-- Zeitfenster: 	0

 - - - - - - - - - - - - - - - - - - - - - - - - - - - - 


huis_100_2_1_A05_e_X_LH.txt:

- - - - - - - - - - - -


Anzahl der Linien in Umlaeufen:
1;0
2;0
3;2
4;8
5;2
Anzahl der Linienwechsel in Umlaeufen:
1;0
2;1
3;2
4;5
5;3
6;0
7;1
Anzahl der Linien in Bloecken:
1;0
2;0
3;2
4;8
5;2
Anzahl der Linienwechsel in Bloecken:
1;0
2;1
3;2
4;5
5;3
6;0
7;1


Loesung: huis_100_2_1_A05_e_B.txt

 - - - - - - - - - - - - - - - - - - - - - - - - - - - - 

GESAMTKOSTEN (bereinigt): 	2462404,79882813

	Fahrzeugkosten: 	2400000
	Operative Kosten: 	62404,798828125
		-- Servicefahrten: 2880,5
		-- Depotfahrten: 	57283,798828125
		-- Umsetzfahrten: 	0
		-- Wartekosten: 	2240,5

	Virtuelle Kosten: 	0
		-- Linien-Kanten: 	0
		-- Zeitfenster: 	0

 - - - - - - - - - - - - - - - - - - - - - - - - - - - - 


huis_100_2_1_A05_e_B.txt:

- - - - - - - - - - - -


Anzahl der Linien in Umlaeufen:
1;9
2;2
3;1
Anzahl der Linienwechsel in Umlaeufen:
1;2
2;1
Anzahl der Linien in Bloecken:
1;9
2;2
3;1
Anzahl der Linienwechsel in Bloecken:
1;2
2;1


Loesung: huis_100_2_1_A05_e_B_LH.txt

 - - - - - - - - - - - - - - - - - - - - - - - - - - - - 

GESAMTKOSTEN (bereinigt): 	2462404,79882813

	Fahrzeugkosten: 	2400000
	Operative Kosten: 	62404,798828125
		-- Servicefahrten: 2880,5
		-- Depotfahrten: 	57283,798828125
		-- Umsetzfahrten: 	0
		-- Wartekosten: 	2240,5

	Virtuelle Kosten: 	0
		-- Linien-Kanten: 	0
		-- Zeitfenster: 	0

 - - - - - - - - - - - - - - - - - - - - - - - - - - - - 


huis_100_2_1_A05_e_B_LH.txt:

- - - - - - - - - - - -


Anzahl der Linien in Umlaeufen:
1;0
2;0
3;1
4;10
5;1
Anzahl der Linienwechsel in Umlaeufen:
1;0
2;1
3;2
4;4
5;4
6;1
Anzahl der Linien in Bloecken:
1;0
2;0
3;1
4;10
5;1
Anzahl der Linienwechsel in Bloecken:
1;0
2;1
3;2
4;4
5;4
6;1

Laufzeit fuer Optimierung: 0,313752
Gesamtlaufzeit: 00:00:00.6195374
