- - - Auslesen der IniValues-Datei abgeschlossen - - -

- - - Schedule einlesen (C:\FU\Abschlussarbeiten\MA_CB----RL_Umlaufplanung\MDVS_2014G\VSP\VSPOPT\bin\Debug\Bustestset\huismann\huis_100_2_1_B05.txt) - - -
	Instanz=huis_100_2_1_B05.txt
	1 von 7 Haltestellen herausgefiltert
	Anzahl Haltestellen: 6
	Anzahl moeglicher Depots: 1
	0 von 5 Linien herausgefiltert
	Anzahl Linien: 5
	0 von 1 Fahrzeugtypen herausgefiltert
	Anzahl Fahrzeugtypen: 1
	Anzahl Fahrzeugtypgruppen: 1
	Anzahl Servicefahrten: 100

Dichte der Original-Verbindungsmatrix: 1
Dichte der Verbindungsmatrix nach Vervollstaendigung: 1
Vervollstaendigung der Matrix nicht moeglich in 0 Faellen


Verteilung von Fahrten auf Fahrzeugtypgruppen:
      Gruppe   #Fahrten
	1	100

	Durchschnittliche Gruppengroeße: 1
- - - ENDE: Schedule einlesen - - -

Dichte der Verbindungsmatrix: 100 %

Substitution von Fahrzeugtypen - Level 1:
======Starte Optimierung Fahrplan 1 von 1...======
- - - Start: Exakte Optimierung durch TSN und MIP-Solver - - -

- - - TSN aufbauen - - -
	[0,1]: 100 Fahrt-Kanten und 0 Zeitfenster-Kanten eingefuegt
Timelines Created
	[0,1]: Reduced Matches[2916:343:207:207]
Aggregation Completed
Wasted WindowArcs Deleted
	[0,1]: 200 Depot-Kanten eingefuegt
DepotArcs Inserted
	[0,1]: Netzwerk aufgebaut (238 Warte-, 1 Rueck-Kanten, 244 Knoten)
Network Build

Netzwerkdaten:
	Fahrt-Kanten:		100
	Zeitfenster-Kanten:	0
	Verbindungs-Kanten:	207	<-- 207 <-- 343 <-- 2916
	Linien-Kanten:		0
	Depot-Kanten:		200
	Warte-Kanten:		238
	Rueck-Kanten:		1
			      ----------
				746

	Knoten:			244

- - - ENDE: TSN aufbauen - - -


Durchschnittliche Gruppengroeße (TSN): 1
Generiere mathematisches Modell ... fertig: 345 x 746 x 1593

- - - START: Standardoptimierer - - -


- - - ENDE: Standardoptimierer - - -

Kosten: 3077801,05859375
- - - ENDE: Exakte Optimierung durch TSN und MIP-Solver - - -

Anzahl Fahrzeuge in huis_100_2_1_B05_e_F.txt: 15
Anzahl Fahrzeuge in huis_100_2_1_B05_e_L.txt: 15
Anzahl Fahrzeuge in huis_100_2_1_B05_e_M.txt: 15
Anzahl Fahrzeuge in huis_100_2_1_B05_e_M_LH.txt: 15
Anzahl Fahrzeuge in huis_100_2_1_B05_e_X.txt: 15
Anzahl Fahrzeuge in huis_100_2_1_B05_e_X_LH.txt: 15
Anzahl Fahrzeuge in huis_100_2_1_B05_e_B.txt: 15
Anzahl Fahrzeuge in huis_100_2_1_B05_e_B_LH.txt: 15


Loesung: huis_100_2_1_B05_e_F.txt

 - - - - - - - - - - - - - - - - - - - - - - - - - - - - 

GESAMTKOSTEN (bereinigt): 	3077801,05859375

	Fahrzeugkosten: 	3000000
	Operative Kosten: 	77801,05859375
		-- Servicefahrten: 3849,5
		-- Depotfahrten: 	72358,55859375
		-- Umsetzfahrten: 	0
		-- Wartekosten: 	1593

	Virtuelle Kosten: 	0
		-- Linien-Kanten: 	0
		-- Zeitfenster: 	0

 - - - - - - - - - - - - - - - - - - - - - - - - - - - - 


huis_100_2_1_B05_e_F.txt:

- - - - - - - - - - - -


Anzahl der Linien in Umlaeufen:
1;4
2;4
3;6
4;1
Anzahl der Linienwechsel in Umlaeufen:
1;3
2;3
3;4
4;1
Anzahl der Linien in Bloecken:
1;4
2;4
3;6
4;1
Anzahl der Linienwechsel in Bloecken:
1;3
2;3
3;4
4;1


Loesung: huis_100_2_1_B05_e_L.txt

 - - - - - - - - - - - - - - - - - - - - - - - - - - - - 

GESAMTKOSTEN (bereinigt): 	3077801,05859375

	Fahrzeugkosten: 	3000000
	Operative Kosten: 	77801,05859375
		-- Servicefahrten: 3849,5
		-- Depotfahrten: 	72358,55859375
		-- Umsetzfahrten: 	0
		-- Wartekosten: 	1593

	Virtuelle Kosten: 	0
		-- Linien-Kanten: 	0
		-- Zeitfenster: 	0

 - - - - - - - - - - - - - - - - - - - - - - - - - - - - 


huis_100_2_1_B05_e_L.txt:

- - - - - - - - - - - -


Anzahl der Linien in Umlaeufen:
1;4
2;2
3;8
4;1
Anzahl der Linienwechsel in Umlaeufen:
1;2
2;1
3;5
4;3
Anzahl der Linien in Bloecken:
1;4
2;2
3;8
4;1
Anzahl der Linienwechsel in Bloecken:
1;2
2;1
3;5
4;3


Loesung: huis_100_2_1_B05_e_M.txt

 - - - - - - - - - - - - - - - - - - - - - - - - - - - - 

GESAMTKOSTEN (bereinigt): 	3077801,05859375

	Fahrzeugkosten: 	3000000
	Operative Kosten: 	77801,05859375
		-- Servicefahrten: 3849,5
		-- Depotfahrten: 	72358,55859375
		-- Umsetzfahrten: 	0
		-- Wartekosten: 	1593

	Virtuelle Kosten: 	0
		-- Linien-Kanten: 	0
		-- Zeitfenster: 	0

 - - - - - - - - - - - - - - - - - - - - - - - - - - - - 


huis_100_2_1_B05_e_M.txt:

- - - - - - - - - - - -


Anzahl der Linien in Umlaeufen:
1;4
2;2
3;8
4;1
Anzahl der Linienwechsel in Umlaeufen:
1;2
2;1
3;5
4;3
Anzahl der Linien in Bloecken:
1;4
2;2
3;8
4;1
Anzahl der Linienwechsel in Bloecken:
1;2
2;1
3;5
4;3


Loesung: huis_100_2_1_B05_e_M_LH.txt

 - - - - - - - - - - - - - - - - - - - - - - - - - - - - 

GESAMTKOSTEN (bereinigt): 	3077801,05859375

	Fahrzeugkosten: 	3000000
	Operative Kosten: 	77801,05859375
		-- Servicefahrten: 3849,5
		-- Depotfahrten: 	72358,55859375
		-- Umsetzfahrten: 	0
		-- Wartekosten: 	1593

	Virtuelle Kosten: 	0
		-- Linien-Kanten: 	0
		-- Zeitfenster: 	0

 - - - - - - - - - - - - - - - - - - - - - - - - - - - - 


huis_100_2_1_B05_e_M_LH.txt:

- - - - - - - - - - - -


Anzahl der Linien in Umlaeufen:
1;4
2;2
3;8
4;1
Anzahl der Linienwechsel in Umlaeufen:
1;2
2;1
3;5
4;3
Anzahl der Linien in Bloecken:
1;4
2;2
3;8
4;1
Anzahl der Linienwechsel in Bloecken:
1;2
2;1
3;5
4;3


Loesung: huis_100_2_1_B05_e_X.txt

 - - - - - - - - - - - - - - - - - - - - - - - - - - - - 

GESAMTKOSTEN (bereinigt): 	3077801,05859375

	Fahrzeugkosten: 	3000000
	Operative Kosten: 	77801,05859375
		-- Servicefahrten: 3849,5
		-- Depotfahrten: 	72358,55859375
		-- Umsetzfahrten: 	0
		-- Wartekosten: 	1593

	Virtuelle Kosten: 	0
		-- Linien-Kanten: 	0
		-- Zeitfenster: 	0

 - - - - - - - - - - - - - - - - - - - - - - - - - - - - 


huis_100_2_1_B05_e_X.txt:

- - - - - - - - - - - -


Anzahl der Linien in Umlaeufen:
1;7
2;7
3;1
Anzahl der Linienwechsel in Umlaeufen:
1;7
2;1
Anzahl der Linien in Bloecken:
1;7
2;7
3;1
Anzahl der Linienwechsel in Bloecken:
1;7
2;1


Loesung: huis_100_2_1_B05_e_X_LH.txt

 - - - - - - - - - - - - - - - - - - - - - - - - - - - - 

GESAMTKOSTEN (bereinigt): 	3077801,05859375

	Fahrzeugkosten: 	3000000
	Operative Kosten: 	77801,05859375
		-- Servicefahrten: 3849,5
		-- Depotfahrten: 	72358,55859375
		-- Umsetzfahrten: 	0
		-- Wartekosten: 	1593

	Virtuelle Kosten: 	0
		-- Linien-Kanten: 	0
		-- Zeitfenster: 	0

 - - - - - - - - - - - - - - - - - - - - - - - - - - - - 


huis_100_2_1_B05_e_X_LH.txt:

- - - - - - - - - - - -


Anzahl der Linien in Umlaeufen:
1;2
2;2
3;7
4;4
Anzahl der Linienwechsel in Umlaeufen:
1;2
2;1
3;7
4;2
5;1
Anzahl der Linien in Bloecken:
1;2
2;2
3;7
4;4
Anzahl der Linienwechsel in Bloecken:
1;2
2;1
3;7
4;2
5;1


Loesung: huis_100_2_1_B05_e_B.txt

 - - - - - - - - - - - - - - - - - - - - - - - - - - - - 

GESAMTKOSTEN (bereinigt): 	3077801,05859375

	Fahrzeugkosten: 	3000000
	Operative Kosten: 	77801,05859375
		-- Servicefahrten: 3849,5
		-- Depotfahrten: 	72358,55859375
		-- Umsetzfahrten: 	0
		-- Wartekosten: 	1593

	Virtuelle Kosten: 	0
		-- Linien-Kanten: 	0
		-- Zeitfenster: 	0

 - - - - - - - - - - - - - - - - - - - - - - - - - - - - 


huis_100_2_1_B05_e_B.txt:

- - - - - - - - - - - -


Anzahl der Linien in Umlaeufen:
1;6
2;9
Anzahl der Linienwechsel in Umlaeufen:
1;9
Anzahl der Linien in Bloecken:
1;6
2;9
Anzahl der Linienwechsel in Bloecken:
1;9


Loesung: huis_100_2_1_B05_e_B_LH.txt

 - - - - - - - - - - - - - - - - - - - - - - - - - - - - 

GESAMTKOSTEN (bereinigt): 	3077801,05859375

	Fahrzeugkosten: 	3000000
	Operative Kosten: 	77801,05859375
		-- Servicefahrten: 3849,5
		-- Depotfahrten: 	72358,55859375
		-- Umsetzfahrten: 	0
		-- Wartekosten: 	1593

	Virtuelle Kosten: 	0
		-- Linien-Kanten: 	0
		-- Zeitfenster: 	0

 - - - - - - - - - - - - - - - - - - - - - - - - - - - - 


huis_100_2_1_B05_e_B_LH.txt:

- - - - - - - - - - - -


Anzahl der Linien in Umlaeufen:
1;2
2;3
3;6
4;4
Anzahl der Linienwechsel in Umlaeufen:
1;3
2;0
3;6
4;3
5;1
Anzahl der Linien in Bloecken:
1;2
2;3
3;6
4;4
Anzahl der Linienwechsel in Bloecken:
1;3
2;0
3;6
4;3
5;1

Laufzeit fuer Optimierung: 0,423054
Gesamtlaufzeit: 00:00:00.8343770
