- - - Auslesen der IniValues-Datei abgeschlossen - - -

- - - Schedule einlesen (C:\FU\Abschlussarbeiten\MA_CB----RL_Umlaufplanung\MDVS_2014G\VSP\VSPOPT\bin\Debug\Bustestset\huismann\huis_100_2_1_A02.txt) - - -
	Instanz=huis_100_2_1_A02.txt
	1 von 7 Haltestellen herausgefiltert
	Anzahl Haltestellen: 6
	Anzahl moeglicher Depots: 1
	0 von 5 Linien herausgefiltert
	Anzahl Linien: 5
	0 von 1 Fahrzeugtypen herausgefiltert
	Anzahl Fahrzeugtypen: 1
	Anzahl Fahrzeugtypgruppen: 1
	Anzahl Servicefahrten: 100

Dichte der Original-Verbindungsmatrix: 1
Dichte der Verbindungsmatrix nach Vervollstaendigung: 1
Vervollstaendigung der Matrix nicht moeglich in 0 Faellen


Verteilung von Fahrten auf Fahrzeugtypgruppen:
      Gruppe   #Fahrten
	1	100

	Durchschnittliche Gruppengroeße: 1
- - - ENDE: Schedule einlesen - - -

Dichte der Verbindungsmatrix: 100 %

Substitution von Fahrzeugtypen - Level 1:
======Starte Optimierung Fahrplan 1 von 1...======
- - - Start: Exakte Optimierung durch TSN und MIP-Solver - - -

- - - TSN aufbauen - - -
	[0,1]: 100 Fahrt-Kanten und 0 Zeitfenster-Kanten eingefuegt
Timelines Created
	[0,1]: Reduced Matches[3049:348:192:172]
Aggregation Completed
Wasted WindowArcs Deleted
	[0,1]: 196 Depot-Kanten eingefuegt
DepotArcs Inserted
	[0,1]: Netzwerk aufgebaut (239 Warte-, 1 Rueck-Kanten, 245 Knoten)
Network Build

Netzwerkdaten:
	Fahrt-Kanten:		100
	Zeitfenster-Kanten:	0
	Verbindungs-Kanten:	172	<-- 192 <-- 348 <-- 3049
	Linien-Kanten:		0
	Depot-Kanten:		196
	Warte-Kanten:		239
	Rueck-Kanten:		1
			      ----------
				708

	Knoten:			245

- - - ENDE: TSN aufbauen - - -


Durchschnittliche Gruppengroeße (TSN): 1
Generiere mathematisches Modell ... fertig: 346 x 708 x 1517

- - - START: Standardoptimierer - - -


- - - ENDE: Standardoptimierer - - -

Kosten: 2316864,15881348
- - - ENDE: Exakte Optimierung durch TSN und MIP-Solver - - -

Anzahl Fahrzeuge in huis_100_2_1_A02_e_F.txt: 11
Anzahl Fahrzeuge in huis_100_2_1_A02_e_L.txt: 11
Anzahl Fahrzeuge in huis_100_2_1_A02_e_M.txt: 11
Anzahl Fahrzeuge in huis_100_2_1_A02_e_M_LH.txt: 11
Anzahl Fahrzeuge in huis_100_2_1_A02_e_X.txt: 11
Anzahl Fahrzeuge in huis_100_2_1_A02_e_X_LH.txt: 11
Anzahl Fahrzeuge in huis_100_2_1_A02_e_B.txt: 11
Anzahl Fahrzeuge in huis_100_2_1_A02_e_B_LH.txt: 11


Loesung: huis_100_2_1_A02_e_F.txt

 - - - - - - - - - - - - - - - - - - - - - - - - - - - - 

GESAMTKOSTEN (bereinigt): 	2316864,15881348

	Fahrzeugkosten: 	2200000
	Operative Kosten: 	116864,158813477
		-- Servicefahrten: 2909
		-- Depotfahrten: 	78790,6392822266
		-- Umsetzfahrten: 	33796,51953125
		-- Wartekosten: 	1368

	Virtuelle Kosten: 	0
		-- Linien-Kanten: 	0
		-- Zeitfenster: 	0

 - - - - - - - - - - - - - - - - - - - - - - - - - - - - 


huis_100_2_1_A02_e_F.txt:

- - - - - - - - - - - -


Anzahl der Linien in Umlaeufen:
1;2
2;1
3;5
4;3
Anzahl der Linienwechsel in Umlaeufen:
1;1
2;2
3;2
4;3
5;0
6;0
7;0
8;1
Anzahl der Linien in Bloecken:
1;5
2;4
3;3
4;4
Anzahl der Linienwechsel in Bloecken:
1;4
2;1
3;4
4;2


Loesung: huis_100_2_1_A02_e_L.txt

 - - - - - - - - - - - - - - - - - - - - - - - - - - - - 

GESAMTKOSTEN (bereinigt): 	2316864,15881348

	Fahrzeugkosten: 	2200000
	Operative Kosten: 	116864,158813477
		-- Servicefahrten: 2909
		-- Depotfahrten: 	78790,6392822266
		-- Umsetzfahrten: 	33796,51953125
		-- Wartekosten: 	1368

	Virtuelle Kosten: 	0
		-- Linien-Kanten: 	0
		-- Zeitfenster: 	0

 - - - - - - - - - - - - - - - - - - - - - - - - - - - - 


huis_100_2_1_A02_e_L.txt:

- - - - - - - - - - - -


Anzahl der Linien in Umlaeufen:
1;1
2;1
3;6
4;3
Anzahl der Linienwechsel in Umlaeufen:
1;0
2;5
3;2
4;1
5;0
6;2
Anzahl der Linien in Bloecken:
1;4
2;4
3;6
4;2
Anzahl der Linienwechsel in Bloecken:
1;3
2;6
3;2
4;0
5;0
6;1


Loesung: huis_100_2_1_A02_e_M.txt

 - - - - - - - - - - - - - - - - - - - - - - - - - - - - 

GESAMTKOSTEN (bereinigt): 	2316864,15881348

	Fahrzeugkosten: 	2200000
	Operative Kosten: 	116864,158813477
		-- Servicefahrten: 2909
		-- Depotfahrten: 	78790,6392822266
		-- Umsetzfahrten: 	33796,51953125
		-- Wartekosten: 	1368

	Virtuelle Kosten: 	0
		-- Linien-Kanten: 	0
		-- Zeitfenster: 	0

 - - - - - - - - - - - - - - - - - - - - - - - - - - - - 


huis_100_2_1_A02_e_M.txt:

- - - - - - - - - - - -


Anzahl der Linien in Umlaeufen:
1;1
2;1
3;6
4;3
Anzahl der Linienwechsel in Umlaeufen:
1;0
2;5
3;2
4;1
5;0
6;2
Anzahl der Linien in Bloecken:
1;4
2;4
3;6
4;2
Anzahl der Linienwechsel in Bloecken:
1;3
2;6
3;2
4;0
5;0
6;1


Loesung: huis_100_2_1_A02_e_M_LH.txt

 - - - - - - - - - - - - - - - - - - - - - - - - - - - - 

GESAMTKOSTEN (bereinigt): 	2316864,15881348

	Fahrzeugkosten: 	2200000
	Operative Kosten: 	116864,158813477
		-- Servicefahrten: 2909
		-- Depotfahrten: 	78790,6392822266
		-- Umsetzfahrten: 	33796,51953125
		-- Wartekosten: 	1368

	Virtuelle Kosten: 	0
		-- Linien-Kanten: 	0
		-- Zeitfenster: 	0

 - - - - - - - - - - - - - - - - - - - - - - - - - - - - 


huis_100_2_1_A02_e_M_LH.txt:

- - - - - - - - - - - -


Anzahl der Linien in Umlaeufen:
1;1
2;1
3;6
4;3
Anzahl der Linienwechsel in Umlaeufen:
1;0
2;5
3;2
4;1
5;0
6;2
Anzahl der Linien in Bloecken:
1;4
2;4
3;6
4;2
Anzahl der Linienwechsel in Bloecken:
1;3
2;6
3;2
4;0
5;0
6;1


Loesung: huis_100_2_1_A02_e_X.txt

 - - - - - - - - - - - - - - - - - - - - - - - - - - - - 

GESAMTKOSTEN (bereinigt): 	2316864,15881348

	Fahrzeugkosten: 	2200000
	Operative Kosten: 	116864,158813477
		-- Servicefahrten: 2909
		-- Depotfahrten: 	78790,6392822266
		-- Umsetzfahrten: 	33796,51953125
		-- Wartekosten: 	1368

	Virtuelle Kosten: 	0
		-- Linien-Kanten: 	0
		-- Zeitfenster: 	0

 - - - - - - - - - - - - - - - - - - - - - - - - - - - - 


huis_100_2_1_A02_e_X.txt:

- - - - - - - - - - - -


Anzahl der Linien in Umlaeufen:
1;2
2;1
3;6
4;2
Anzahl der Linienwechsel in Umlaeufen:
1;1
2;1
3;5
4;1
5;1
Anzahl der Linien in Bloecken:
1;5
2;6
3;3
4;2
Anzahl der Linienwechsel in Bloecken:
1;6
2;1
3;3
4;0
5;1


Loesung: huis_100_2_1_A02_e_X_LH.txt

 - - - - - - - - - - - - - - - - - - - - - - - - - - - - 

GESAMTKOSTEN (bereinigt): 	2316864,15881348

	Fahrzeugkosten: 	2200000
	Operative Kosten: 	116864,158813477
		-- Servicefahrten: 2909
		-- Depotfahrten: 	78790,6392822266
		-- Umsetzfahrten: 	33796,51953125
		-- Wartekosten: 	1368

	Virtuelle Kosten: 	0
		-- Linien-Kanten: 	0
		-- Zeitfenster: 	0

 - - - - - - - - - - - - - - - - - - - - - - - - - - - - 


huis_100_2_1_A02_e_X_LH.txt:

- - - - - - - - - - - -


Anzahl der Linien in Umlaeufen:
1;0
2;0
3;0
4;6
5;5
Anzahl der Linienwechsel in Umlaeufen:
1;0
2;0
3;2
4;2
5;3
6;4
Anzahl der Linien in Bloecken:
1;3
2;1
3;3
4;5
5;4
Anzahl der Linienwechsel in Bloecken:
1;1
2;2
3;3
4;3
5;2
6;2


Loesung: huis_100_2_1_A02_e_B.txt

 - - - - - - - - - - - - - - - - - - - - - - - - - - - - 

GESAMTKOSTEN (bereinigt): 	2316864,15881348

	Fahrzeugkosten: 	2200000
	Operative Kosten: 	116864,158813477
		-- Servicefahrten: 2909
		-- Depotfahrten: 	78790,6392822266
		-- Umsetzfahrten: 	33796,51953125
		-- Wartekosten: 	1368

	Virtuelle Kosten: 	0
		-- Linien-Kanten: 	0
		-- Zeitfenster: 	0

 - - - - - - - - - - - - - - - - - - - - - - - - - - - - 


huis_100_2_1_A02_e_B.txt:

- - - - - - - - - - - -


Anzahl der Linien in Umlaeufen:
1;2
2;1
3;6
4;2
Anzahl der Linienwechsel in Umlaeufen:
1;1
2;1
3;5
4;1
5;1
Anzahl der Linien in Bloecken:
1;5
2;6
3;3
4;2
Anzahl der Linienwechsel in Bloecken:
1;6
2;1
3;3
4;0
5;1


Loesung: huis_100_2_1_A02_e_B_LH.txt

 - - - - - - - - - - - - - - - - - - - - - - - - - - - - 

GESAMTKOSTEN (bereinigt): 	2316864,15881348

	Fahrzeugkosten: 	2200000
	Operative Kosten: 	116864,158813477
		-- Servicefahrten: 2909
		-- Depotfahrten: 	78790,6392822266
		-- Umsetzfahrten: 	33796,51953125
		-- Wartekosten: 	1368

	Virtuelle Kosten: 	0
		-- Linien-Kanten: 	0
		-- Zeitfenster: 	0

 - - - - - - - - - - - - - - - - - - - - - - - - - - - - 


huis_100_2_1_A02_e_B_LH.txt:

- - - - - - - - - - - -


Anzahl der Linien in Umlaeufen:
1;0
2;0
3;0
4;5
5;6
Anzahl der Linienwechsel in Umlaeufen:
1;0
2;0
3;2
4;2
5;4
6;3
Anzahl der Linien in Bloecken:
1;3
2;1
3;3
4;4
5;5
Anzahl der Linienwechsel in Bloecken:
1;1
2;2
3;3
4;3
5;3
6;1

Laufzeit fuer Optimierung: 0,2981472
Gesamtlaufzeit: 00:00:00.6145624
