- - - Auslesen der IniValues-Datei abgeschlossen - - -

- - - Schedule einlesen (C:\FU\Abschlussarbeiten\MA_CB----RL_Umlaufplanung\MDVS_2014G\VSP\VSPOPT\bin\Debug\Bustestset\huismann\huis_100_4_1_B02.txt) - - -
	Instanz=huis_100_4_1_B02.txt
	3 von 9 Haltestellen herausgefiltert
	Anzahl Haltestellen: 6
	Anzahl moeglicher Depots: 1
	0 von 5 Linien herausgefiltert
	Anzahl Linien: 5
	0 von 1 Fahrzeugtypen herausgefiltert
	Anzahl Fahrzeugtypen: 1
	Anzahl Fahrzeugtypgruppen: 1
	Anzahl Servicefahrten: 100

Dichte der Original-Verbindungsmatrix: 1
Dichte der Verbindungsmatrix nach Vervollstaendigung: 1
Vervollstaendigung der Matrix nicht moeglich in 0 Faellen


Verteilung von Fahrten auf Fahrzeugtypgruppen:
      Gruppe   #Fahrten
	1	100

	Durchschnittliche Gruppengroeße: 1
- - - ENDE: Schedule einlesen - - -

Dichte der Verbindungsmatrix: 100 %

Substitution von Fahrzeugtypen - Level 1:
======Starte Optimierung Fahrplan 1 von 1...======
- - - Start: Exakte Optimierung durch TSN und MIP-Solver - - -

- - - TSN aufbauen - - -
	[0,1]: 100 Fahrt-Kanten und 0 Zeitfenster-Kanten eingefuegt
Timelines Created
	[0,1]: Reduced Matches[2903:341:193:193]
Aggregation Completed
Wasted WindowArcs Deleted
	[0,1]: 200 Depot-Kanten eingefuegt
DepotArcs Inserted
	[0,1]: Netzwerk aufgebaut (243 Warte-, 1 Rueck-Kanten, 249 Knoten)
Network Build

Netzwerkdaten:
	Fahrt-Kanten:		100
	Zeitfenster-Kanten:	0
	Verbindungs-Kanten:	193	<-- 193 <-- 341 <-- 2903
	Linien-Kanten:		0
	Depot-Kanten:		200
	Warte-Kanten:		243
	Rueck-Kanten:		1
			      ----------
				737

	Knoten:			249

- - - ENDE: TSN aufbauen - - -


Durchschnittliche Gruppengroeße (TSN): 1
Generiere mathematisches Modell ... fertig: 350 x 737 x 1575

- - - START: Standardoptimierer - - -


- - - ENDE: Standardoptimierer - - -

Kosten: 3091979,09960938
- - - ENDE: Exakte Optimierung durch TSN und MIP-Solver - - -

Anzahl Fahrzeuge in huis_100_4_1_B02_e_F.txt: 15
Anzahl Fahrzeuge in huis_100_4_1_B02_e_L.txt: 15
Anzahl Fahrzeuge in huis_100_4_1_B02_e_M.txt: 15
Anzahl Fahrzeuge in huis_100_4_1_B02_e_M_LH.txt: 15
Anzahl Fahrzeuge in huis_100_4_1_B02_e_X.txt: 15
Anzahl Fahrzeuge in huis_100_4_1_B02_e_X_LH.txt: 15
Anzahl Fahrzeuge in huis_100_4_1_B02_e_B.txt: 15
Anzahl Fahrzeuge in huis_100_4_1_B02_e_B_LH.txt: 15


Loesung: huis_100_4_1_B02_e_F.txt

 - - - - - - - - - - - - - - - - - - - - - - - - - - - - 

GESAMTKOSTEN (bereinigt): 	3091979,09960938

	Fahrzeugkosten: 	3000000
	Operative Kosten: 	91979,099609375
		-- Servicefahrten: 3881
		-- Depotfahrten: 	86630,599609375
		-- Umsetzfahrten: 	0
		-- Wartekosten: 	1467,5

	Virtuelle Kosten: 	0
		-- Linien-Kanten: 	0
		-- Zeitfenster: 	0

 - - - - - - - - - - - - - - - - - - - - - - - - - - - - 


huis_100_4_1_B02_e_F.txt:

- - - - - - - - - - - -


Anzahl der Linien in Umlaeufen:
1;3
2;0
3;3
4;7
5;2
Anzahl der Linienwechsel in Umlaeufen:
1;0
2;3
3;1
4;2
5;5
6;1
Anzahl der Linien in Bloecken:
1;3
2;0
3;3
4;7
5;2
Anzahl der Linienwechsel in Bloecken:
1;0
2;3
3;1
4;2
5;5
6;1


Loesung: huis_100_4_1_B02_e_L.txt

 - - - - - - - - - - - - - - - - - - - - - - - - - - - - 

GESAMTKOSTEN (bereinigt): 	3091979,09960938

	Fahrzeugkosten: 	3000000
	Operative Kosten: 	91979,099609375
		-- Servicefahrten: 3881
		-- Depotfahrten: 	86630,599609375
		-- Umsetzfahrten: 	0
		-- Wartekosten: 	1467,5

	Virtuelle Kosten: 	0
		-- Linien-Kanten: 	0
		-- Zeitfenster: 	0

 - - - - - - - - - - - - - - - - - - - - - - - - - - - - 


huis_100_4_1_B02_e_L.txt:

- - - - - - - - - - - -


Anzahl der Linien in Umlaeufen:
1;3
2;1
3;1
4;8
5;2
Anzahl der Linienwechsel in Umlaeufen:
1;1
2;0
3;4
4;2
5;1
6;3
7;1
Anzahl der Linien in Bloecken:
1;3
2;1
3;1
4;8
5;2
Anzahl der Linienwechsel in Bloecken:
1;1
2;0
3;4
4;2
5;1
6;3
7;1


Loesung: huis_100_4_1_B02_e_M.txt

 - - - - - - - - - - - - - - - - - - - - - - - - - - - - 

GESAMTKOSTEN (bereinigt): 	3091979,09960938

	Fahrzeugkosten: 	3000000
	Operative Kosten: 	91979,099609375
		-- Servicefahrten: 3881
		-- Depotfahrten: 	86630,599609375
		-- Umsetzfahrten: 	0
		-- Wartekosten: 	1467,5

	Virtuelle Kosten: 	0
		-- Linien-Kanten: 	0
		-- Zeitfenster: 	0

 - - - - - - - - - - - - - - - - - - - - - - - - - - - - 


huis_100_4_1_B02_e_M.txt:

- - - - - - - - - - - -


Anzahl der Linien in Umlaeufen:
1;3
2;1
3;2
4;7
5;2
Anzahl der Linienwechsel in Umlaeufen:
1;1
2;1
3;4
4;1
5;1
6;3
7;1
Anzahl der Linien in Bloecken:
1;3
2;1
3;2
4;7
5;2
Anzahl der Linienwechsel in Bloecken:
1;1
2;1
3;4
4;1
5;1
6;3
7;1


Loesung: huis_100_4_1_B02_e_M_LH.txt

 - - - - - - - - - - - - - - - - - - - - - - - - - - - - 

GESAMTKOSTEN (bereinigt): 	3091979,09960938

	Fahrzeugkosten: 	3000000
	Operative Kosten: 	91979,099609375
		-- Servicefahrten: 3881
		-- Depotfahrten: 	86630,599609375
		-- Umsetzfahrten: 	0
		-- Wartekosten: 	1467,5

	Virtuelle Kosten: 	0
		-- Linien-Kanten: 	0
		-- Zeitfenster: 	0

 - - - - - - - - - - - - - - - - - - - - - - - - - - - - 


huis_100_4_1_B02_e_M_LH.txt:

- - - - - - - - - - - -


Anzahl der Linien in Umlaeufen:
1;3
2;1
3;1
4;8
5;2
Anzahl der Linienwechsel in Umlaeufen:
1;1
2;0
3;4
4;2
5;1
6;3
7;1
Anzahl der Linien in Bloecken:
1;3
2;1
3;1
4;8
5;2
Anzahl der Linienwechsel in Bloecken:
1;1
2;0
3;4
4;2
5;1
6;3
7;1


Loesung: huis_100_4_1_B02_e_X.txt

 - - - - - - - - - - - - - - - - - - - - - - - - - - - - 

GESAMTKOSTEN (bereinigt): 	3091979,09960938

	Fahrzeugkosten: 	3000000
	Operative Kosten: 	91979,099609375
		-- Servicefahrten: 3881
		-- Depotfahrten: 	86630,599609375
		-- Umsetzfahrten: 	0
		-- Wartekosten: 	1467,5

	Virtuelle Kosten: 	0
		-- Linien-Kanten: 	0
		-- Zeitfenster: 	0

 - - - - - - - - - - - - - - - - - - - - - - - - - - - - 


huis_100_4_1_B02_e_X.txt:

- - - - - - - - - - - -


Anzahl der Linien in Umlaeufen:
1;4
2;2
3;4
4;5
Anzahl der Linienwechsel in Umlaeufen:
1;0
2;3
3;5
4;3
Anzahl der Linien in Bloecken:
1;4
2;2
3;4
4;5
Anzahl der Linienwechsel in Bloecken:
1;0
2;3
3;5
4;3


Loesung: huis_100_4_1_B02_e_X_LH.txt

 - - - - - - - - - - - - - - - - - - - - - - - - - - - - 

GESAMTKOSTEN (bereinigt): 	3091979,09960938

	Fahrzeugkosten: 	3000000
	Operative Kosten: 	91979,099609375
		-- Servicefahrten: 3881
		-- Depotfahrten: 	86630,599609375
		-- Umsetzfahrten: 	0
		-- Wartekosten: 	1467,5

	Virtuelle Kosten: 	0
		-- Linien-Kanten: 	0
		-- Zeitfenster: 	0

 - - - - - - - - - - - - - - - - - - - - - - - - - - - - 


huis_100_4_1_B02_e_X_LH.txt:

- - - - - - - - - - - -


Anzahl der Linien in Umlaeufen:
1;3
2;0
3;0
4;10
5;2
Anzahl der Linienwechsel in Umlaeufen:
1;0
2;0
3;0
4;3
5;4
6;3
7;2
Anzahl der Linien in Bloecken:
1;3
2;0
3;0
4;10
5;2
Anzahl der Linienwechsel in Bloecken:
1;0
2;0
3;0
4;3
5;4
6;3
7;2


Loesung: huis_100_4_1_B02_e_B.txt

 - - - - - - - - - - - - - - - - - - - - - - - - - - - - 

GESAMTKOSTEN (bereinigt): 	3091979,09960938

	Fahrzeugkosten: 	3000000
	Operative Kosten: 	91979,099609375
		-- Servicefahrten: 3881
		-- Depotfahrten: 	86630,599609375
		-- Umsetzfahrten: 	0
		-- Wartekosten: 	1467,5

	Virtuelle Kosten: 	0
		-- Linien-Kanten: 	0
		-- Zeitfenster: 	0

 - - - - - - - - - - - - - - - - - - - - - - - - - - - - 


huis_100_4_1_B02_e_B.txt:

- - - - - - - - - - - -


Anzahl der Linien in Umlaeufen:
1;4
2;2
3;4
4;5
Anzahl der Linienwechsel in Umlaeufen:
1;0
2;3
3;5
4;3
Anzahl der Linien in Bloecken:
1;4
2;2
3;4
4;5
Anzahl der Linienwechsel in Bloecken:
1;0
2;3
3;5
4;3


Loesung: huis_100_4_1_B02_e_B_LH.txt

 - - - - - - - - - - - - - - - - - - - - - - - - - - - - 

GESAMTKOSTEN (bereinigt): 	3091979,09960938

	Fahrzeugkosten: 	3000000
	Operative Kosten: 	91979,099609375
		-- Servicefahrten: 3881
		-- Depotfahrten: 	86630,599609375
		-- Umsetzfahrten: 	0
		-- Wartekosten: 	1467,5

	Virtuelle Kosten: 	0
		-- Linien-Kanten: 	0
		-- Zeitfenster: 	0

 - - - - - - - - - - - - - - - - - - - - - - - - - - - - 


huis_100_4_1_B02_e_B_LH.txt:

- - - - - - - - - - - -


Anzahl der Linien in Umlaeufen:
1;3
2;0
3;0
4;10
5;2
Anzahl der Linienwechsel in Umlaeufen:
1;0
2;0
3;0
4;3
5;4
6;3
7;1
8;1
Anzahl der Linien in Bloecken:
1;3
2;0
3;0
4;10
5;2
Anzahl der Linienwechsel in Bloecken:
1;0
2;0
3;0
4;3
5;4
6;3
7;1
8;1

Laufzeit fuer Optimierung: 0,3761957
Gesamtlaufzeit: 00:00:00.5849965
